Performing C SOURCE FILE Test HAVE_GCC_PREFERRED_STACK_BOUNDARY failed with the following output:
Change Dir: /Users/losik/Downloads/UcodePuzzle/build/CMakeFiles/CMakeTmp

Run Build Command(s):/usr/bin/xcodebuild -project CMAKE_TRY_COMPILE.xcodeproj build -target cmTC_32027 -configuration Debug -hideShellScriptEnvironment && User defaults from command line:
    HideShellScriptEnvironment = YES

Prepare build
note: Using legacy build system

=== BUILD TARGET cmTC_32027 OF PROJECT CMAKE_TRY_COMPILE WITH CONFIGURATION Debug ===

Check dependencies

Write auxiliary files
/bin/mkdir -p /Users/losik/Downloads/UcodePuzzle/build/CMakeFiles/CMakeTmp/CMAKE_TRY_COMPILE.build/Debug/cmTC_32027.build/Objects-normal/x86_64
write-file /Users/losik/Downloads/UcodePuzzle/build/CMakeFiles/CMakeTmp/CMAKE_TRY_COMPILE.build/Debug/cmTC_32027.build/Objects-normal/x86_64/cmTC_32027.LinkFileList

CompileC CMAKE_TRY_COMPILE.build/Debug/cmTC_32027.build/Objects-normal/x86_64/src.o src.c normal x86_64 c com.apple.compilers.llvm.clang.1_0.compiler
    cd /Users/losik/Downloads/UcodePuzzle/build/CMakeFiles/CMakeTmp
    /Applications/Xcode.app/Contents/Developer/Toolchains/XcodeDefault.xctoolchain/usr/bin/clang -x c -arch x86_64 -fmessage-length=0 -fdiagnostics-show-note-include-stack -fmacro-backtrace-limit=0 -Wno-trigraphs -fpascal-strings -O0 -Wno-missing-field-initializers -Wno-missing-prototypes -Wno-return-type -Wno-missing-braces -Wparentheses -Wswitch -Wno-unused-function -Wno-unused-label -Wno-unused-parameter -Wno-unused-variable -Wunused-value -Wno-empty-body -Wno-uninitialized -Wno-unknown-pragmas -Wno-shadow -Wno-four-char-constants -Wno-conversion -Wno-constant-conversion -Wno-int-conversion -Wno-bool-conversion -Wno-enum-conversion -Wno-float-conversion -Wno-non-literal-null-conversion -Wno-objc-literal-conversion -Wno-shorten-64-to-32 -Wpointer-sign -Wno-newline-eof -DCMAKE_INTDIR=\"Debug\" -DHAVE_GCC_PREFERRED_STACK_BOUNDARY -isysroot /Applications/Xcode.app/Contents/Developer/Platforms/MacOSX.platform/Developer/SDKs/MacOSX10.14.sdk -fasm-blocks -fstrict-aliasing -Wdeprecated-declarations -mmacosx-version-min=10.14 -g -Wno-sign-conversion -Wno-infinite-recursion -Wno-comma -Wno-block-capture-autoreleasing -Wno-strict-prototypes -Wno-semicolon-before-method-body -I/Users/losik/Downloads/UcodePuzzle/build/CMakeFiles/CMakeTmp/Debug/include -I/Users/losik/Downloads/UcodePuzzle/build/CMakeFiles/CMakeTmp/CMAKE_TRY_COMPILE.build/Debug/cmTC_32027.build/DerivedSources/x86_64 -I/Users/losik/Downloads/UcodePuzzle/build/CMakeFiles/CMakeTmp/CMAKE_TRY_COMPILE.build/Debug/cmTC_32027.build/DerivedSources -F/Users/losik/Downloads/UcodePuzzle/build/CMakeFiles/CMakeTmp/Debug -idirafter /Users/losik/Downloads/UcodePuzzle/minikit/external/SDL2/src/video/khronos -mpreferred-stack-boundary=2 -MMD -MT dependencies -MF /Users/losik/Downloads/UcodePuzzle/build/CMakeFiles/CMakeTmp/CMAKE_TRY_COMPILE.build/Debug/cmTC_32027.build/Objects-normal/x86_64/src.d --serialize-diagnostics /Users/losik/Downloads/UcodePuzzle/build/CMakeFiles/CMakeTmp/CMAKE_TRY_COMPILE.build/Debug/cmTC_32027.build/Objects-normal/x86_64/src.dia -c /Users/losik/Downloads/UcodePuzzle/build/CMakeFiles/CMakeTmp/src.c -o /Users/losik/Downloads/UcodePuzzle/build/CMakeFiles/CMakeTmp/CMAKE_TRY_COMPILE.build/Debug/cmTC_32027.build/Objects-normal/x86_64/src.o
clang: error: unknown argument: '-mpreferred-stack-boundary=2'

** BUILD FAILED **


The following build commands failed:
	CompileC CMAKE_TRY_COMPILE.build/Debug/cmTC_32027.build/Objects-normal/x86_64/src.o src.c normal x86_64 c com.apple.compilers.llvm.clang.1_0.compiler
(1 failure)


Source file was:
int x = 0; int main(int argc, char **argv) {}
Performing C SOURCE FILE Test HAVE_ALTIVEC_H_HDR failed with the following output:
Change Dir: /Users/losik/Downloads/UcodePuzzle/build/CMakeFiles/CMakeTmp

Run Build Command(s):/usr/bin/xcodebuild -project CMAKE_TRY_COMPILE.xcodeproj build -target cmTC_aca82 -configuration Debug -hideShellScriptEnvironment && User defaults from command line:
    HideShellScriptEnvironment = YES

Prepare build
note: Using legacy build system

=== BUILD TARGET cmTC_aca82 OF PROJECT CMAKE_TRY_COMPILE WITH CONFIGURATION Debug ===

Check dependencies

Write auxiliary files
/bin/mkdir -p /Users/losik/Downloads/UcodePuzzle/build/CMakeFiles/CMakeTmp/CMAKE_TRY_COMPILE.build/Debug/cmTC_aca82.build/Objects-normal/x86_64
write-file /Users/losik/Downloads/UcodePuzzle/build/CMakeFiles/CMakeTmp/CMAKE_TRY_COMPILE.build/Debug/cmTC_aca82.build/Objects-normal/x86_64/cmTC_aca82.LinkFileList

CompileC CMAKE_TRY_COMPILE.build/Debug/cmTC_aca82.build/Objects-normal/x86_64/src.o src.c normal x86_64 c com.apple.compilers.llvm.clang.1_0.compiler
    cd /Users/losik/Downloads/UcodePuzzle/build/CMakeFiles/CMakeTmp
    /Applications/Xcode.app/Contents/Developer/Toolchains/XcodeDefault.xctoolchain/usr/bin/clang -x c -arch x86_64 -fmessage-length=0 -fdiagnostics-show-note-include-stack -fmacro-backtrace-limit=0 -Wno-trigraphs -fpascal-strings -O0 -Wno-missing-field-initializers -Wno-missing-prototypes -Wno-return-type -Wno-missing-braces -Wparentheses -Wswitch -Wno-unused-function -Wno-unused-label -Wno-unused-parameter -Wno-unused-variable -Wunused-value -Wno-empty-body -Wno-uninitialized -Wno-unknown-pragmas -Wno-shadow -Wno-four-char-constants -Wno-conversion -Wno-constant-conversion -Wno-int-conversion -Wno-bool-conversion -Wno-enum-conversion -Wno-float-conversion -Wno-non-literal-null-conversion -Wno-objc-literal-conversion -Wno-shorten-64-to-32 -Wpointer-sign -Wno-newline-eof -DCMAKE_INTDIR=\"Debug\" -DHAVE_ALTIVEC_H_HDR -isysroot /Applications/Xcode.app/Contents/Developer/Platforms/MacOSX.platform/Developer/SDKs/MacOSX10.14.sdk -fasm-blocks -fstrict-aliasing -Wdeprecated-declarations -mmacosx-version-min=10.14 -g -Wno-sign-conversion -Wno-infinite-recursion -Wno-comma -Wno-block-capture-autoreleasing -Wno-strict-prototypes -Wno-semicolon-before-method-body -I/Users/losik/Downloads/UcodePuzzle/build/CMakeFiles/CMakeTmp/Debug/include -I/Users/losik/Downloads/UcodePuzzle/build/CMakeFiles/CMakeTmp/CMAKE_TRY_COMPILE.build/Debug/cmTC_aca82.build/DerivedSources/x86_64 -I/Users/losik/Downloads/UcodePuzzle/build/CMakeFiles/CMakeTmp/CMAKE_TRY_COMPILE.build/Debug/cmTC_aca82.build/DerivedSources -F/Users/losik/Downloads/UcodePuzzle/build/CMakeFiles/CMakeTmp/Debug -idirafter /Users/losik/Downloads/UcodePuzzle/minikit/external/SDL2/src/video/khronos -maltivec -MMD -MT dependencies -MF /Users/losik/Downloads/UcodePuzzle/build/CMakeFiles/CMakeTmp/CMAKE_TRY_COMPILE.build/Debug/cmTC_aca82.build/Objects-normal/x86_64/src.d --serialize-diagnostics /Users/losik/Downloads/UcodePuzzle/build/CMakeFiles/CMakeTmp/CMAKE_TRY_COMPILE.build/Debug/cmTC_aca82.build/Objects-normal/x86_64/src.dia -c /Users/losik/Downloads/UcodePuzzle/build/CMakeFiles/CMakeTmp/src.c -o /Users/losik/Downloads/UcodePuzzle/build/CMakeFiles/CMakeTmp/CMAKE_TRY_COMPILE.build/Debug/cmTC_aca82.build/Objects-normal/x86_64/src.o
clang: warning: argument unused during compilation: '-maltivec' [-Wunused-command-line-argument]
In file included from /Users/losik/Downloads/UcodePuzzle/build/CMakeFiles/CMakeTmp/src.c:2:
/Applications/Xcode.app/Contents/Developer/Toolchains/XcodeDefault.xctoolchain/usr/lib/clang/10.0.0/include/altivec.h:27:2: error: "AltiVec support not enabled"
#error "AltiVec support not enabled"
 ^
/Applications/Xcode.app/Contents/Developer/Toolchains/XcodeDefault.xctoolchain/usr/lib/clang/10.0.0/include/altivec.h:62:19: error: unknown type name 'vector'
static __inline__ vector signed char __ATTRS_o_ai vec_perm(
                  ^
/Applications/Xcode.app/Contents/Developer/Toolchains/XcodeDefault.xctoolchain/usr/lib/clang/10.0.0/include/altivec.h:62:26: error: expected identifier or '('
static __inline__ vector signed char __ATTRS_o_ai vec_perm(
                         ^
/Applications/Xcode.app/Contents/Developer/Toolchains/XcodeDefault.xctoolchain/usr/lib/clang/10.0.0/include/altivec.h:65:19: error: unknown type name 'vector'
static __inline__ vector unsigned char __ATTRS_o_ai
                  ^
/Applications/Xcode.app/Contents/Developer/Toolchains/XcodeDefault.xctoolchain/usr/lib/clang/10.0.0/include/altivec.h:65:26: error: expected identifier or '('
static __inline__ vector unsigned char __ATTRS_o_ai
                         ^
/Applications/Xcode.app/Contents/Developer/Toolchains/XcodeDefault.xctoolchain/usr/lib/clang/10.0.0/include/altivec.h:69:19: error: unknown type name 'vector'
static __inline__ vector bool char __ATTRS_o_ai
                  ^
/Applications/Xcode.app/Contents/Developer/Toolchains/XcodeDefault.xctoolchain/usr/lib/clang/10.0.0/include/altivec.h:69:8: error: 'inline' can only appear on functions
static __inline__ vector bool char __ATTRS_o_ai
       ^
/Applications/Xcode.app/Contents/Developer/Toolchains/XcodeDefault.xctoolchain/usr/lib/clang/10.0.0/include/altivec.h:69:30: error: expected ';' after top level declarator
static __inline__ vector bool char __ATTRS_o_ai
                             ^
/Applications/Xcode.app/Contents/Developer/Toolchains/XcodeDefault.xctoolchain/usr/lib/clang/10.0.0/include/altivec.h:70:10: error: unknown type name 'vector'
vec_perm(vector bool char __a, vector bool char __b, vector unsigned char __c);
         ^
/Applications/Xcode.app/Contents/Developer/Toolchains/XcodeDefault.xctoolchain/usr/lib/clang/10.0.0/include/altivec.h:70:22: error: expected ')'
vec_perm(vector bool char __a, vector bool char __b, vector unsigned char __c);
                     ^
/Applications/Xcode.app/Contents/Developer/Toolchains/XcodeDefault.xctoolchain/usr/lib/clang/10.0.0/include/altivec.h:70:9: note: to match this '('
vec_perm(vector bool char __a, vector bool char __b, vector unsigned char __c);
        ^
/Applications/Xcode.app/Contents/Developer/Toolchains/XcodeDefault.xctoolchain/usr/lib/clang/10.0.0/include/altivec.h:72:19: error: unknown type name 'vector'
static __inline__ vector short __ATTRS_o_ai vec_perm(vector signed short __a,
                  ^
/Applications/Xcode.app/Contents/Developer/Toolchains/XcodeDefault.xctoolchain/usr/lib/clang/10.0.0/include/altivec.h:72:26: error: expected identifier or '('
static __inline__ vector short __ATTRS_o_ai vec_perm(vector signed short __a,
                         ^
/Applications/Xcode.app/Contents/Developer/Toolchains/XcodeDefault.xctoolchain/usr/lib/clang/10.0.0/include/altivec.h:76:19: error: unknown type name 'vector'
static __inline__ vector unsigned short __ATTRS_o_ai
                  ^
/Applications/Xcode.app/Contents/Developer/Toolchains/XcodeDefault.xctoolchain/usr/lib/clang/10.0.0/include/altivec.h:76:26: error: expected identifier or '('
static __inline__ vector unsigned short __ATTRS_o_ai
                         ^
/Applications/Xcode.app/Contents/Developer/Toolchains/XcodeDefault.xctoolchain/usr/lib/clang/10.0.0/include/altivec.h:80:19: error: unknown type name 'vector'
static __inline__ vector bool short __ATTRS_o_ai vec_perm(
                  ^
/Applications/Xcode.app/Contents/Developer/Toolchains/XcodeDefault.xctoolchain/usr/lib/clang/10.0.0/include/altivec.h:80:8: error: 'inline' can only appear on functions
static __inline__ vector bool short __ATTRS_o_ai vec_perm(
       ^
/Applications/Xcode.app/Contents/Developer/Toolchains/XcodeDefault.xctoolchain/usr/lib/clang/10.0.0/include/altivec.h:80:30: error: expected ';' after top level declarator
static __inline__ vector bool short __ATTRS_o_ai vec_perm(
                             ^
/Applications/Xcode.app/Contents/Developer/Toolchains/XcodeDefault.xctoolchain/usr/lib/clang/10.0.0/include/altivec.h:81:5: error: unknown type name 'vector'
    vector bool short __a, vector bool short __b, vector unsigned char __c);
    ^
/Applications/Xcode.app/Contents/Developer/Toolchains/XcodeDefault.xctoolchain/usr/lib/clang/10.0.0/include/altivec.h:81:17: error: expected ')'
    vector bool short __a, vector bool short __b, vector unsigned char __c);
                ^
/Applications/Xcode.app/Contents/Developer/Toolchains/XcodeDefault.xctoolchain/usr/lib/clang/10.0.0/include/altivec.h:80:58: note: to match this '('
static __inline__ vector bool short __ATTRS_o_ai vec_perm(
                                                         ^
fatal error: too many errors emitted, stopping now [-ferror-limit=]
20 errors generated.

** BUILD FAILED **


The following build commands failed:
	CompileC CMAKE_TRY_COMPILE.build/Debug/cmTC_aca82.build/Objects-normal/x86_64/src.o src.c normal x86_64 c com.apple.compilers.llvm.clang.1_0.compiler
(1 failure)


Source file was:

          #include <altivec.h>
          vector unsigned int vzero() {
              return vec_splat_u32(0);
          }
          int main(int argc, char **argv) { }
Performing C SOURCE FILE Test HAVE_ALTIVEC failed with the following output:
Change Dir: /Users/losik/Downloads/UcodePuzzle/build/CMakeFiles/CMakeTmp

Run Build Command(s):/usr/bin/xcodebuild -project CMAKE_TRY_COMPILE.xcodeproj build -target cmTC_a5885 -configuration Debug -hideShellScriptEnvironment && User defaults from command line:
    HideShellScriptEnvironment = YES

Prepare build
note: Using legacy build system

=== BUILD TARGET cmTC_a5885 OF PROJECT CMAKE_TRY_COMPILE WITH CONFIGURATION Debug ===

Check dependencies

Write auxiliary files
/bin/mkdir -p /Users/losik/Downloads/UcodePuzzle/build/CMakeFiles/CMakeTmp/CMAKE_TRY_COMPILE.build/Debug/cmTC_a5885.build/Objects-normal/x86_64
write-file /Users/losik/Downloads/UcodePuzzle/build/CMakeFiles/CMakeTmp/CMAKE_TRY_COMPILE.build/Debug/cmTC_a5885.build/Objects-normal/x86_64/cmTC_a5885.LinkFileList

CompileC CMAKE_TRY_COMPILE.build/Debug/cmTC_a5885.build/Objects-normal/x86_64/src.o src.c normal x86_64 c com.apple.compilers.llvm.clang.1_0.compiler
    cd /Users/losik/Downloads/UcodePuzzle/build/CMakeFiles/CMakeTmp
    /Applications/Xcode.app/Contents/Developer/Toolchains/XcodeDefault.xctoolchain/usr/bin/clang -x c -arch x86_64 -fmessage-length=0 -fdiagnostics-show-note-include-stack -fmacro-backtrace-limit=0 -Wno-trigraphs -fpascal-strings -O0 -Wno-missing-field-initializers -Wno-missing-prototypes -Wno-return-type -Wno-missing-braces -Wparentheses -Wswitch -Wno-unused-function -Wno-unused-label -Wno-unused-parameter -Wno-unused-variable -Wunused-value -Wno-empty-body -Wno-uninitialized -Wno-unknown-pragmas -Wno-shadow -Wno-four-char-constants -Wno-conversion -Wno-constant-conversion -Wno-int-conversion -Wno-bool-conversion -Wno-enum-conversion -Wno-float-conversion -Wno-non-literal-null-conversion -Wno-objc-literal-conversion -Wno-shorten-64-to-32 -Wpointer-sign -Wno-newline-eof -DCMAKE_INTDIR=\"Debug\" -DHAVE_ALTIVEC -isysroot /Applications/Xcode.app/Contents/Developer/Platforms/MacOSX.platform/Developer/SDKs/MacOSX10.14.sdk -fasm-blocks -fstrict-aliasing -Wdeprecated-declarations -mmacosx-version-min=10.14 -g -Wno-sign-conversion -Wno-infinite-recursion -Wno-comma -Wno-block-capture-autoreleasing -Wno-strict-prototypes -Wno-semicolon-before-method-body -I/Users/losik/Downloads/UcodePuzzle/build/CMakeFiles/CMakeTmp/Debug/include -I/Users/losik/Downloads/UcodePuzzle/build/CMakeFiles/CMakeTmp/CMAKE_TRY_COMPILE.build/Debug/cmTC_a5885.build/DerivedSources/x86_64 -I/Users/losik/Downloads/UcodePuzzle/build/CMakeFiles/CMakeTmp/CMAKE_TRY_COMPILE.build/Debug/cmTC_a5885.build/DerivedSources -F/Users/losik/Downloads/UcodePuzzle/build/CMakeFiles/CMakeTmp/Debug -idirafter /Users/losik/Downloads/UcodePuzzle/minikit/external/SDL2/src/video/khronos -maltivec -MMD -MT dependencies -MF /Users/losik/Downloads/UcodePuzzle/build/CMakeFiles/CMakeTmp/CMAKE_TRY_COMPILE.build/Debug/cmTC_a5885.build/Objects-normal/x86_64/src.d --serialize-diagnostics /Users/losik/Downloads/UcodePuzzle/build/CMakeFiles/CMakeTmp/CMAKE_TRY_COMPILE.build/Debug/cmTC_a5885.build/Objects-normal/x86_64/src.dia -c /Users/losik/Downloads/UcodePuzzle/build/CMakeFiles/CMakeTmp/src.c -o /Users/losik/Downloads/UcodePuzzle/build/CMakeFiles/CMakeTmp/CMAKE_TRY_COMPILE.build/Debug/cmTC_a5885.build/Objects-normal/x86_64/src.o
clang: warning: argument unused during compilation: '-maltivec' [-Wunused-command-line-argument]
/Users/losik/Downloads/UcodePuzzle/build/CMakeFiles/CMakeTmp/src.c:2:11: error: unknown type name 'vector'
          vector unsigned int vzero() {
          ^
/Users/losik/Downloads/UcodePuzzle/build/CMakeFiles/CMakeTmp/src.c:2:18: error: expected identifier or '('
          vector unsigned int vzero() {
                 ^
2 errors generated.

** BUILD FAILED **


The following build commands failed:
	CompileC CMAKE_TRY_COMPILE.build/Debug/cmTC_a5885.build/Objects-normal/x86_64/src.o src.c normal x86_64 c com.apple.compilers.llvm.clang.1_0.compiler
(1 failure)


Source file was:

          vector unsigned int vzero() {
              return vec_splat_u32(0);
          }
          int main(int argc, char **argv) { }
Performing C SOURCE FILE Test ARMSIMD_FOUND failed with the following output:
Change Dir: /Users/losik/Downloads/UcodePuzzle/build/CMakeFiles/CMakeTmp

Run Build Command(s):/usr/bin/xcodebuild -project CMAKE_TRY_COMPILE.xcodeproj build -target cmTC_db4d9 -configuration Debug -hideShellScriptEnvironment && User defaults from command line:
    HideShellScriptEnvironment = YES

Prepare build
note: Using legacy build system

=== BUILD TARGET cmTC_db4d9 OF PROJECT CMAKE_TRY_COMPILE WITH CONFIGURATION Debug ===

Check dependencies

Write auxiliary files
/bin/mkdir -p /Users/losik/Downloads/UcodePuzzle/build/CMakeFiles/CMakeTmp/CMAKE_TRY_COMPILE.build/Debug/cmTC_db4d9.build/Objects-normal/x86_64
write-file /Users/losik/Downloads/UcodePuzzle/build/CMakeFiles/CMakeTmp/CMAKE_TRY_COMPILE.build/Debug/cmTC_db4d9.build/Objects-normal/x86_64/cmTC_db4d9.LinkFileList

CompileC CMAKE_TRY_COMPILE.build/Debug/cmTC_db4d9.build/Objects-normal/x86_64/src.o src.c normal x86_64 c com.apple.compilers.llvm.clang.1_0.compiler
    cd /Users/losik/Downloads/UcodePuzzle/build/CMakeFiles/CMakeTmp
    /Applications/Xcode.app/Contents/Developer/Toolchains/XcodeDefault.xctoolchain/usr/bin/clang -x c -arch x86_64 -fmessage-length=0 -fdiagnostics-show-note-include-stack -fmacro-backtrace-limit=0 -Wno-trigraphs -fpascal-strings -O0 -Wno-missing-field-initializers -Wno-missing-prototypes -Wno-return-type -Wno-missing-braces -Wparentheses -Wswitch -Wno-unused-function -Wno-unused-label -Wno-unused-parameter -Wno-unused-variable -Wunused-value -Wno-empty-body -Wno-uninitialized -Wno-unknown-pragmas -Wno-shadow -Wno-four-char-constants -Wno-conversion -Wno-constant-conversion -Wno-int-conversion -Wno-bool-conversion -Wno-enum-conversion -Wno-float-conversion -Wno-non-literal-null-conversion -Wno-objc-literal-conversion -Wno-shorten-64-to-32 -Wpointer-sign -Wno-newline-eof -DCMAKE_INTDIR=\"Debug\" -DARMSIMD_FOUND -isysroot /Applications/Xcode.app/Contents/Developer/Platforms/MacOSX.platform/Developer/SDKs/MacOSX10.14.sdk -fasm-blocks -fstrict-aliasing -Wdeprecated-declarations -mmacosx-version-min=10.14 -g -Wno-sign-conversion -Wno-infinite-recursion -Wno-comma -Wno-block-capture-autoreleasing -Wno-strict-prototypes -Wno-semicolon-before-method-body -I/Users/losik/Downloads/UcodePuzzle/build/CMakeFiles/CMakeTmp/Debug/include -I/Users/losik/Downloads/UcodePuzzle/build/CMakeFiles/CMakeTmp/CMAKE_TRY_COMPILE.build/Debug/cmTC_db4d9.build/DerivedSources/x86_64 -I/Users/losik/Downloads/UcodePuzzle/build/CMakeFiles/CMakeTmp/CMAKE_TRY_COMPILE.build/Debug/cmTC_db4d9.build/DerivedSources -F/Users/losik/Downloads/UcodePuzzle/build/CMakeFiles/CMakeTmp/Debug -idirafter /Users/losik/Downloads/UcodePuzzle/minikit/external/SDL2/src/video/khronos -x assembler-with-cpp -MMD -MT dependencies -MF /Users/losik/Downloads/UcodePuzzle/build/CMakeFiles/CMakeTmp/CMAKE_TRY_COMPILE.build/Debug/cmTC_db4d9.build/Objects-normal/x86_64/src.d --serialize-diagnostics /Users/losik/Downloads/UcodePuzzle/build/CMakeFiles/CMakeTmp/CMAKE_TRY_COMPILE.build/Debug/cmTC_db4d9.build/Objects-normal/x86_64/src.dia -c /Users/losik/Downloads/UcodePuzzle/build/CMakeFiles/CMakeTmp/src.c -o /Users/losik/Downloads/UcodePuzzle/build/CMakeFiles/CMakeTmp/CMAKE_TRY_COMPILE.build/Debug/cmTC_db4d9.build/Objects-normal/x86_64/src.o
/Users/losik/Downloads/UcodePuzzle/build/CMakeFiles/CMakeTmp/src.c:8:10: error: EABI is required (to be sure that calling conventions are compatible)
        #error EABI is required (to be sure that calling conventions are compatible)
         ^
1 error generated.

** BUILD FAILED **


The following build commands failed:
	CompileC CMAKE_TRY_COMPILE.build/Debug/cmTC_db4d9.build/Objects-normal/x86_64/src.o src.c normal x86_64 c com.apple.compilers.llvm.clang.1_0.compiler
(1 failure)


Source file was:

        .text
        .arch armv6
        .object_arch armv4
        .arm
        .altmacro
        #ifndef __ARM_EABI__
        #error EABI is required (to be sure that calling conventions are compatible)
        #endif
        pld [r0]
        uqadd8 r0, r0, r0
      
Performing C SOURCE FILE Test ARMNEON_FOUND failed with the following output:
Change Dir: /Users/losik/Downloads/UcodePuzzle/build/CMakeFiles/CMakeTmp

Run Build Command(s):/usr/bin/xcodebuild -project CMAKE_TRY_COMPILE.xcodeproj build -target cmTC_63267 -configuration Debug -hideShellScriptEnvironment && User defaults from command line:
    HideShellScriptEnvironment = YES

Prepare build
note: Using legacy build system

=== BUILD TARGET cmTC_63267 OF PROJECT CMAKE_TRY_COMPILE WITH CONFIGURATION Debug ===

Check dependencies

Write auxiliary files
/bin/mkdir -p /Users/losik/Downloads/UcodePuzzle/build/CMakeFiles/CMakeTmp/CMAKE_TRY_COMPILE.build/Debug/cmTC_63267.build/Objects-normal/x86_64
write-file /Users/losik/Downloads/UcodePuzzle/build/CMakeFiles/CMakeTmp/CMAKE_TRY_COMPILE.build/Debug/cmTC_63267.build/Objects-normal/x86_64/cmTC_63267.LinkFileList

CompileC CMAKE_TRY_COMPILE.build/Debug/cmTC_63267.build/Objects-normal/x86_64/src.o src.c normal x86_64 c com.apple.compilers.llvm.clang.1_0.compiler
    cd /Users/losik/Downloads/UcodePuzzle/build/CMakeFiles/CMakeTmp
    /Applications/Xcode.app/Contents/Developer/Toolchains/XcodeDefault.xctoolchain/usr/bin/clang -x c -arch x86_64 -fmessage-length=0 -fdiagnostics-show-note-include-stack -fmacro-backtrace-limit=0 -Wno-trigraphs -fpascal-strings -O0 -Wno-missing-field-initializers -Wno-missing-prototypes -Wno-return-type -Wno-missing-braces -Wparentheses -Wswitch -Wno-unused-function -Wno-unused-label -Wno-unused-parameter -Wno-unused-variable -Wunused-value -Wno-empty-body -Wno-uninitialized -Wno-unknown-pragmas -Wno-shadow -Wno-four-char-constants -Wno-conversion -Wno-constant-conversion -Wno-int-conversion -Wno-bool-conversion -Wno-enum-conversion -Wno-float-conversion -Wno-non-literal-null-conversion -Wno-objc-literal-conversion -Wno-shorten-64-to-32 -Wpointer-sign -Wno-newline-eof -DCMAKE_INTDIR=\"Debug\" -DARMNEON_FOUND -isysroot /Applications/Xcode.app/Contents/Developer/Platforms/MacOSX.platform/Developer/SDKs/MacOSX10.14.sdk -fasm-blocks -fstrict-aliasing -Wdeprecated-declarations -mmacosx-version-min=10.14 -g -Wno-sign-conversion -Wno-infinite-recursion -Wno-comma -Wno-block-capture-autoreleasing -Wno-strict-prototypes -Wno-semicolon-before-method-body -I/Users/losik/Downloads/UcodePuzzle/build/CMakeFiles/CMakeTmp/Debug/include -I/Users/losik/Downloads/UcodePuzzle/build/CMakeFiles/CMakeTmp/CMAKE_TRY_COMPILE.build/Debug/cmTC_63267.build/DerivedSources/x86_64 -I/Users/losik/Downloads/UcodePuzzle/build/CMakeFiles/CMakeTmp/CMAKE_TRY_COMPILE.build/Debug/cmTC_63267.build/DerivedSources -F/Users/losik/Downloads/UcodePuzzle/build/CMakeFiles/CMakeTmp/Debug -idirafter /Users/losik/Downloads/UcodePuzzle/minikit/external/SDL2/src/video/khronos -x assembler-with-cpp -MMD -MT dependencies -MF /Users/losik/Downloads/UcodePuzzle/build/CMakeFiles/CMakeTmp/CMAKE_TRY_COMPILE.build/Debug/cmTC_63267.build/Objects-normal/x86_64/src.d --serialize-diagnostics /Users/losik/Downloads/UcodePuzzle/build/CMakeFiles/CMakeTmp/CMAKE_TRY_COMPILE.build/Debug/cmTC_63267.build/Objects-normal/x86_64/src.dia -c /Users/losik/Downloads/UcodePuzzle/build/CMakeFiles/CMakeTmp/src.c -o /Users/losik/Downloads/UcodePuzzle/build/CMakeFiles/CMakeTmp/CMAKE_TRY_COMPILE.build/Debug/cmTC_63267.build/Objects-normal/x86_64/src.o
/Users/losik/Downloads/UcodePuzzle/build/CMakeFiles/CMakeTmp/src.c:10:10: error: EABI is required (to be sure that calling conventions are compatible)
        #error EABI is required (to be sure that calling conventions are compatible)
         ^
1 error generated.

** BUILD FAILED **


The following build commands failed:
	CompileC CMAKE_TRY_COMPILE.build/Debug/cmTC_63267.build/Objects-normal/x86_64/src.o src.c normal x86_64 c com.apple.compilers.llvm.clang.1_0.compiler
(1 failure)


Source file was:

        .text
        .fpu neon
        .arch armv7a
        .object_arch armv4
        .eabi_attribute 10, 0
        .arm
        .altmacro
        #ifndef __ARM_EABI__
        #error EABI is required (to be sure that calling conventions are compatible)
        #endif
        pld [r0]
        vmovn.u16 d0, q0
      
Determining if the include file malloc.h exists failed with the following output:
Change Dir: /Users/losik/Downloads/UcodePuzzle/build/CMakeFiles/CMakeTmp

Run Build Command(s):/usr/bin/xcodebuild -project CMAKE_TRY_COMPILE.xcodeproj build -target cmTC_55436 -configuration Debug -hideShellScriptEnvironment && User defaults from command line:
    HideShellScriptEnvironment = YES

Prepare build
note: Using legacy build system

=== BUILD TARGET cmTC_55436 OF PROJECT CMAKE_TRY_COMPILE WITH CONFIGURATION Debug ===

Check dependencies

Write auxiliary files
/bin/mkdir -p /Users/losik/Downloads/UcodePuzzle/build/CMakeFiles/CMakeTmp/CMAKE_TRY_COMPILE.build/Debug/cmTC_55436.build/Objects-normal/x86_64
write-file /Users/losik/Downloads/UcodePuzzle/build/CMakeFiles/CMakeTmp/CMAKE_TRY_COMPILE.build/Debug/cmTC_55436.build/Objects-normal/x86_64/cmTC_55436.LinkFileList

CompileC CMAKE_TRY_COMPILE.build/Debug/cmTC_55436.build/Objects-normal/x86_64/CheckIncludeFile.o CheckIncludeFile.c normal x86_64 c com.apple.compilers.llvm.clang.1_0.compiler
    cd /Users/losik/Downloads/UcodePuzzle/build/CMakeFiles/CMakeTmp
    /Applications/Xcode.app/Contents/Developer/Toolchains/XcodeDefault.xctoolchain/usr/bin/clang -x c -arch x86_64 -fmessage-length=0 -fdiagnostics-show-note-include-stack -fmacro-backtrace-limit=0 -Wno-trigraphs -fpascal-strings -O0 -Wno-missing-field-initializers -Wno-missing-prototypes -Wno-return-type -Wno-missing-braces -Wparentheses -Wswitch -Wno-unused-function -Wno-unused-label -Wno-unused-parameter -Wno-unused-variable -Wunused-value -Wno-empty-body -Wno-uninitialized -Wno-unknown-pragmas -Wno-shadow -Wno-four-char-constants -Wno-conversion -Wno-constant-conversion -Wno-int-conversion -Wno-bool-conversion -Wno-enum-conversion -Wno-float-conversion -Wno-non-literal-null-conversion -Wno-objc-literal-conversion -Wno-shorten-64-to-32 -Wpointer-sign -Wno-newline-eof -DCMAKE_INTDIR=\"Debug\" -isysroot /Applications/Xcode.app/Contents/Developer/Platforms/MacOSX.platform/Developer/SDKs/MacOSX10.14.sdk -fasm-blocks -fstrict-aliasing -Wdeprecated-declarations -mmacosx-version-min=10.14 -g -Wno-sign-conversion -Wno-infinite-recursion -Wno-comma -Wno-block-capture-autoreleasing -Wno-strict-prototypes -Wno-semicolon-before-method-body -I/Users/losik/Downloads/UcodePuzzle/build/CMakeFiles/CMakeTmp/Debug/include -I/Users/losik/Downloads/UcodePuzzle/build/CMakeFiles/CMakeTmp/CMAKE_TRY_COMPILE.build/Debug/cmTC_55436.build/DerivedSources/x86_64 -I/Users/losik/Downloads/UcodePuzzle/build/CMakeFiles/CMakeTmp/CMAKE_TRY_COMPILE.build/Debug/cmTC_55436.build/DerivedSources -F/Users/losik/Downloads/UcodePuzzle/build/CMakeFiles/CMakeTmp/Debug -idirafter /Users/losik/Downloads/UcodePuzzle/minikit/external/SDL2/src/video/khronos -MMD -MT dependencies -MF /Users/losik/Downloads/UcodePuzzle/build/CMakeFiles/CMakeTmp/CMAKE_TRY_COMPILE.build/Debug/cmTC_55436.build/Objects-normal/x86_64/CheckIncludeFile.d --serialize-diagnostics /Users/losik/Downloads/UcodePuzzle/build/CMakeFiles/CMakeTmp/CMAKE_TRY_COMPILE.build/Debug/cmTC_55436.build/Objects-normal/x86_64/CheckIncludeFile.dia -c /Users/losik/Downloads/UcodePuzzle/build/CMakeFiles/CMakeTmp/CheckIncludeFile.c -o /Users/losik/Downloads/UcodePuzzle/build/CMakeFiles/CMakeTmp/CMAKE_TRY_COMPILE.build/Debug/cmTC_55436.build/Objects-normal/x86_64/CheckIncludeFile.o
/Users/losik/Downloads/UcodePuzzle/build/CMakeFiles/CMakeTmp/CheckIncludeFile.c:1:10: fatal error: 'malloc.h' file not found
#include <malloc.h>
         ^~~~~~~~~~
1 error generated.

** BUILD FAILED **


The following build commands failed:
	CompileC CMAKE_TRY_COMPILE.build/Debug/cmTC_55436.build/Objects-normal/x86_64/CheckIncludeFile.o CheckIncludeFile.c normal x86_64 c com.apple.compilers.llvm.clang.1_0.compiler
(1 failure)



Determining if the function _strrev exists failed with the following output:
Change Dir: /Users/losik/Downloads/UcodePuzzle/build/CMakeFiles/CMakeTmp

Run Build Command(s):/usr/bin/xcodebuild -project CMAKE_TRY_COMPILE.xcodeproj build -target cmTC_d8157 -configuration Debug -hideShellScriptEnvironment && User defaults from command line:
    HideShellScriptEnvironment = YES

Prepare build
note: Using legacy build system

=== BUILD TARGET cmTC_d8157 OF PROJECT CMAKE_TRY_COMPILE WITH CONFIGURATION Debug ===

Check dependencies

Write auxiliary files
/bin/mkdir -p /Users/losik/Downloads/UcodePuzzle/build/CMakeFiles/CMakeTmp/CMAKE_TRY_COMPILE.build/Debug/cmTC_d8157.build/Objects-normal/x86_64
write-file /Users/losik/Downloads/UcodePuzzle/build/CMakeFiles/CMakeTmp/CMAKE_TRY_COMPILE.build/Debug/cmTC_d8157.build/Objects-normal/x86_64/cmTC_d8157.LinkFileList

CompileC CMAKE_TRY_COMPILE.build/Debug/cmTC_d8157.build/Objects-normal/x86_64/CheckFunctionExists.o /usr/local/Cellar/cmake/3.20.3/share/cmake/Modules/CheckFunctionExists.c normal x86_64 c com.apple.compilers.llvm.clang.1_0.compiler
    cd /Users/losik/Downloads/UcodePuzzle/build/CMakeFiles/CMakeTmp
    /Applications/Xcode.app/Contents/Developer/Toolchains/XcodeDefault.xctoolchain/usr/bin/clang -x c -arch x86_64 -fmessage-length=0 -fdiagnostics-show-note-include-stack -fmacro-backtrace-limit=0 -Wno-trigraphs -fpascal-strings -O0 -Wno-missing-field-initializers -Wno-missing-prototypes -Wno-return-type -Wno-missing-braces -Wparentheses -Wswitch -Wno-unused-function -Wno-unused-label -Wno-unused-parameter -Wno-unused-variable -Wunused-value -Wno-empty-body -Wno-uninitialized -Wno-unknown-pragmas -Wno-shadow -Wno-four-char-constants -Wno-conversion -Wno-constant-conversion -Wno-int-conversion -Wno-bool-conversion -Wno-enum-conversion -Wno-float-conversion -Wno-non-literal-null-conversion -Wno-objc-literal-conversion -Wno-shorten-64-to-32 -Wpointer-sign -Wno-newline-eof -DCMAKE_INTDIR=\"Debug\" -isysroot /Applications/Xcode.app/Contents/Developer/Platforms/MacOSX.platform/Developer/SDKs/MacOSX10.14.sdk -fasm-blocks -fstrict-aliasing -Wdeprecated-declarations -mmacosx-version-min=10.14 -g -Wno-sign-conversion -Wno-infinite-recursion -Wno-comma -Wno-block-capture-autoreleasing -Wno-strict-prototypes -Wno-semicolon-before-method-body -I/Users/losik/Downloads/UcodePuzzle/build/CMakeFiles/CMakeTmp/Debug/include -I/Users/losik/Downloads/UcodePuzzle/build/CMakeFiles/CMakeTmp/CMAKE_TRY_COMPILE.build/Debug/cmTC_d8157.build/DerivedSources/x86_64 -I/Users/losik/Downloads/UcodePuzzle/build/CMakeFiles/CMakeTmp/CMAKE_TRY_COMPILE.build/Debug/cmTC_d8157.build/DerivedSources -F/Users/losik/Downloads/UcodePuzzle/build/CMakeFiles/CMakeTmp/Debug -idirafter /Users/losik/Downloads/UcodePuzzle/minikit/external/SDL2/src/video/khronos -DCHECK_FUNCTION_EXISTS=_strrev -MMD -MT dependencies -MF /Users/losik/Downloads/UcodePuzzle/build/CMakeFiles/CMakeTmp/CMAKE_TRY_COMPILE.build/Debug/cmTC_d8157.build/Objects-normal/x86_64/CheckFunctionExists.d --serialize-diagnostics /Users/losik/Downloads/UcodePuzzle/build/CMakeFiles/CMakeTmp/CMAKE_TRY_COMPILE.build/Debug/cmTC_d8157.build/Objects-normal/x86_64/CheckFunctionExists.dia -c /usr/local/Cellar/cmake/3.20.3/share/cmake/Modules/CheckFunctionExists.c -o /Users/losik/Downloads/UcodePuzzle/build/CMakeFiles/CMakeTmp/CMAKE_TRY_COMPILE.build/Debug/cmTC_d8157.build/Objects-normal/x86_64/CheckFunctionExists.o

Ld Debug/cmTC_d8157 normal x86_64
    cd /Users/losik/Downloads/UcodePuzzle/build/CMakeFiles/CMakeTmp
    /Applications/Xcode.app/Contents/Developer/Toolchains/XcodeDefault.xctoolchain/usr/bin/clang -arch x86_64 -isysroot /Applications/Xcode.app/Contents/Developer/Platforms/MacOSX.platform/Developer/SDKs/MacOSX10.14.sdk -L/Users/losik/Downloads/UcodePuzzle/build/CMakeFiles/CMakeTmp/Debug -F/Users/losik/Downloads/UcodePuzzle/build/CMakeFiles/CMakeTmp/Debug -filelist /Users/losik/Downloads/UcodePuzzle/build/CMakeFiles/CMakeTmp/CMAKE_TRY_COMPILE.build/Debug/cmTC_d8157.build/Objects-normal/x86_64/cmTC_d8157.LinkFileList -mmacosx-version-min=10.14 -Xlinker -object_path_lto -Xlinker /Users/losik/Downloads/UcodePuzzle/build/CMakeFiles/CMakeTmp/CMAKE_TRY_COMPILE.build/Debug/cmTC_d8157.build/Objects-normal/x86_64/cmTC_d8157_lto.o -Xlinker -no_deduplicate -Wl,-search_paths_first -Wl,-headerpad_max_install_names -Xlinker -dependency_info -Xlinker /Users/losik/Downloads/UcodePuzzle/build/CMakeFiles/CMakeTmp/CMAKE_TRY_COMPILE.build/Debug/cmTC_d8157.build/Objects-normal/x86_64/cmTC_d8157_dependency_info.dat -o /Users/losik/Downloads/UcodePuzzle/build/CMakeFiles/CMakeTmp/Debug/cmTC_d8157
Undefined symbols for architecture x86_64:
  "__strrev", referenced from:
      _main in CheckFunctionExists.o
ld: symbol(s) not found for architecture x86_64
clang: error: linker command failed with exit code 1 (use -v to see invocation)

** BUILD FAILED **


The following build commands failed:
	Ld Debug/cmTC_d8157 normal x86_64
(1 failure)



Determining if the function _strupr exists failed with the following output:
Change Dir: /Users/losik/Downloads/UcodePuzzle/build/CMakeFiles/CMakeTmp

Run Build Command(s):/usr/bin/xcodebuild -project CMAKE_TRY_COMPILE.xcodeproj build -target cmTC_65297 -configuration Debug -hideShellScriptEnvironment && User defaults from command line:
    HideShellScriptEnvironment = YES

Prepare build
note: Using legacy build system

=== BUILD TARGET cmTC_65297 OF PROJECT CMAKE_TRY_COMPILE WITH CONFIGURATION Debug ===

Check dependencies

Write auxiliary files
/bin/mkdir -p /Users/losik/Downloads/UcodePuzzle/build/CMakeFiles/CMakeTmp/CMAKE_TRY_COMPILE.build/Debug/cmTC_65297.build/Objects-normal/x86_64
write-file /Users/losik/Downloads/UcodePuzzle/build/CMakeFiles/CMakeTmp/CMAKE_TRY_COMPILE.build/Debug/cmTC_65297.build/Objects-normal/x86_64/cmTC_65297.LinkFileList

CompileC CMAKE_TRY_COMPILE.build/Debug/cmTC_65297.build/Objects-normal/x86_64/CheckFunctionExists.o /usr/local/Cellar/cmake/3.20.3/share/cmake/Modules/CheckFunctionExists.c normal x86_64 c com.apple.compilers.llvm.clang.1_0.compiler
    cd /Users/losik/Downloads/UcodePuzzle/build/CMakeFiles/CMakeTmp
    /Applications/Xcode.app/Contents/Developer/Toolchains/XcodeDefault.xctoolchain/usr/bin/clang -x c -arch x86_64 -fmessage-length=0 -fdiagnostics-show-note-include-stack -fmacro-backtrace-limit=0 -Wno-trigraphs -fpascal-strings -O0 -Wno-missing-field-initializers -Wno-missing-prototypes -Wno-return-type -Wno-missing-braces -Wparentheses -Wswitch -Wno-unused-function -Wno-unused-label -Wno-unused-parameter -Wno-unused-variable -Wunused-value -Wno-empty-body -Wno-uninitialized -Wno-unknown-pragmas -Wno-shadow -Wno-four-char-constants -Wno-conversion -Wno-constant-conversion -Wno-int-conversion -Wno-bool-conversion -Wno-enum-conversion -Wno-float-conversion -Wno-non-literal-null-conversion -Wno-objc-literal-conversion -Wno-shorten-64-to-32 -Wpointer-sign -Wno-newline-eof -DCMAKE_INTDIR=\"Debug\" -isysroot /Applications/Xcode.app/Contents/Developer/Platforms/MacOSX.platform/Developer/SDKs/MacOSX10.14.sdk -fasm-blocks -fstrict-aliasing -Wdeprecated-declarations -mmacosx-version-min=10.14 -g -Wno-sign-conversion -Wno-infinite-recursion -Wno-comma -Wno-block-capture-autoreleasing -Wno-strict-prototypes -Wno-semicolon-before-method-body -I/Users/losik/Downloads/UcodePuzzle/build/CMakeFiles/CMakeTmp/Debug/include -I/Users/losik/Downloads/UcodePuzzle/build/CMakeFiles/CMakeTmp/CMAKE_TRY_COMPILE.build/Debug/cmTC_65297.build/DerivedSources/x86_64 -I/Users/losik/Downloads/UcodePuzzle/build/CMakeFiles/CMakeTmp/CMAKE_TRY_COMPILE.build/Debug/cmTC_65297.build/DerivedSources -F/Users/losik/Downloads/UcodePuzzle/build/CMakeFiles/CMakeTmp/Debug -idirafter /Users/losik/Downloads/UcodePuzzle/minikit/external/SDL2/src/video/khronos -DCHECK_FUNCTION_EXISTS=_strupr -MMD -MT dependencies -MF /Users/losik/Downloads/UcodePuzzle/build/CMakeFiles/CMakeTmp/CMAKE_TRY_COMPILE.build/Debug/cmTC_65297.build/Objects-normal/x86_64/CheckFunctionExists.d --serialize-diagnostics /Users/losik/Downloads/UcodePuzzle/build/CMakeFiles/CMakeTmp/CMAKE_TRY_COMPILE.build/Debug/cmTC_65297.build/Objects-normal/x86_64/CheckFunctionExists.dia -c /usr/local/Cellar/cmake/3.20.3/share/cmake/Modules/CheckFunctionExists.c -o /Users/losik/Downloads/UcodePuzzle/build/CMakeFiles/CMakeTmp/CMAKE_TRY_COMPILE.build/Debug/cmTC_65297.build/Objects-normal/x86_64/CheckFunctionExists.o

Ld Debug/cmTC_65297 normal x86_64
    cd /Users/losik/Downloads/UcodePuzzle/build/CMakeFiles/CMakeTmp
    /Applications/Xcode.app/Contents/Developer/Toolchains/XcodeDefault.xctoolchain/usr/bin/clang -arch x86_64 -isysroot /Applications/Xcode.app/Contents/Developer/Platforms/MacOSX.platform/Developer/SDKs/MacOSX10.14.sdk -L/Users/losik/Downloads/UcodePuzzle/build/CMakeFiles/CMakeTmp/Debug -F/Users/losik/Downloads/UcodePuzzle/build/CMakeFiles/CMakeTmp/Debug -filelist /Users/losik/Downloads/UcodePuzzle/build/CMakeFiles/CMakeTmp/CMAKE_TRY_COMPILE.build/Debug/cmTC_65297.build/Objects-normal/x86_64/cmTC_65297.LinkFileList -mmacosx-version-min=10.14 -Xlinker -object_path_lto -Xlinker /Users/losik/Downloads/UcodePuzzle/build/CMakeFiles/CMakeTmp/CMAKE_TRY_COMPILE.build/Debug/cmTC_65297.build/Objects-normal/x86_64/cmTC_65297_lto.o -Xlinker -no_deduplicate -Wl,-search_paths_first -Wl,-headerpad_max_install_names -Xlinker -dependency_info -Xlinker /Users/losik/Downloads/UcodePuzzle/build/CMakeFiles/CMakeTmp/CMAKE_TRY_COMPILE.build/Debug/cmTC_65297.build/Objects-normal/x86_64/cmTC_65297_dependency_info.dat -o /Users/losik/Downloads/UcodePuzzle/build/CMakeFiles/CMakeTmp/Debug/cmTC_65297
Undefined symbols for architecture x86_64:
  "__strupr", referenced from:
      _main in CheckFunctionExists.o
ld: symbol(s) not found for architecture x86_64
clang: error: linker command failed with exit code 1 (use -v to see invocation)

** BUILD FAILED **


The following build commands failed:
	Ld Debug/cmTC_65297 normal x86_64
(1 failure)



Determining if the function _strlwr exists failed with the following output:
Change Dir: /Users/losik/Downloads/UcodePuzzle/build/CMakeFiles/CMakeTmp

Run Build Command(s):/usr/bin/xcodebuild -project CMAKE_TRY_COMPILE.xcodeproj build -target cmTC_d88c5 -configuration Debug -hideShellScriptEnvironment && User defaults from command line:
    HideShellScriptEnvironment = YES

Prepare build
note: Using legacy build system

=== BUILD TARGET cmTC_d88c5 OF PROJECT CMAKE_TRY_COMPILE WITH CONFIGURATION Debug ===

Check dependencies

Write auxiliary files
/bin/mkdir -p /Users/losik/Downloads/UcodePuzzle/build/CMakeFiles/CMakeTmp/CMAKE_TRY_COMPILE.build/Debug/cmTC_d88c5.build/Objects-normal/x86_64
write-file /Users/losik/Downloads/UcodePuzzle/build/CMakeFiles/CMakeTmp/CMAKE_TRY_COMPILE.build/Debug/cmTC_d88c5.build/Objects-normal/x86_64/cmTC_d88c5.LinkFileList

CompileC CMAKE_TRY_COMPILE.build/Debug/cmTC_d88c5.build/Objects-normal/x86_64/CheckFunctionExists.o /usr/local/Cellar/cmake/3.20.3/share/cmake/Modules/CheckFunctionExists.c normal x86_64 c com.apple.compilers.llvm.clang.1_0.compiler
    cd /Users/losik/Downloads/UcodePuzzle/build/CMakeFiles/CMakeTmp
    /Applications/Xcode.app/Contents/Developer/Toolchains/XcodeDefault.xctoolchain/usr/bin/clang -x c -arch x86_64 -fmessage-length=0 -fdiagnostics-show-note-include-stack -fmacro-backtrace-limit=0 -Wno-trigraphs -fpascal-strings -O0 -Wno-missing-field-initializers -Wno-missing-prototypes -Wno-return-type -Wno-missing-braces -Wparentheses -Wswitch -Wno-unused-function -Wno-unused-label -Wno-unused-parameter -Wno-unused-variable -Wunused-value -Wno-empty-body -Wno-uninitialized -Wno-unknown-pragmas -Wno-shadow -Wno-four-char-constants -Wno-conversion -Wno-constant-conversion -Wno-int-conversion -Wno-bool-conversion -Wno-enum-conversion -Wno-float-conversion -Wno-non-literal-null-conversion -Wno-objc-literal-conversion -Wno-shorten-64-to-32 -Wpointer-sign -Wno-newline-eof -DCMAKE_INTDIR=\"Debug\" -isysroot /Applications/Xcode.app/Contents/Developer/Platforms/MacOSX.platform/Developer/SDKs/MacOSX10.14.sdk -fasm-blocks -fstrict-aliasing -Wdeprecated-declarations -mmacosx-version-min=10.14 -g -Wno-sign-conversion -Wno-infinite-recursion -Wno-comma -Wno-block-capture-autoreleasing -Wno-strict-prototypes -Wno-semicolon-before-method-body -I/Users/losik/Downloads/UcodePuzzle/build/CMakeFiles/CMakeTmp/Debug/include -I/Users/losik/Downloads/UcodePuzzle/build/CMakeFiles/CMakeTmp/CMAKE_TRY_COMPILE.build/Debug/cmTC_d88c5.build/DerivedSources/x86_64 -I/Users/losik/Downloads/UcodePuzzle/build/CMakeFiles/CMakeTmp/CMAKE_TRY_COMPILE.build/Debug/cmTC_d88c5.build/DerivedSources -F/Users/losik/Downloads/UcodePuzzle/build/CMakeFiles/CMakeTmp/Debug -idirafter /Users/losik/Downloads/UcodePuzzle/minikit/external/SDL2/src/video/khronos -DCHECK_FUNCTION_EXISTS=_strlwr -MMD -MT dependencies -MF /Users/losik/Downloads/UcodePuzzle/build/CMakeFiles/CMakeTmp/CMAKE_TRY_COMPILE.build/Debug/cmTC_d88c5.build/Objects-normal/x86_64/CheckFunctionExists.d --serialize-diagnostics /Users/losik/Downloads/UcodePuzzle/build/CMakeFiles/CMakeTmp/CMAKE_TRY_COMPILE.build/Debug/cmTC_d88c5.build/Objects-normal/x86_64/CheckFunctionExists.dia -c /usr/local/Cellar/cmake/3.20.3/share/cmake/Modules/CheckFunctionExists.c -o /Users/losik/Downloads/UcodePuzzle/build/CMakeFiles/CMakeTmp/CMAKE_TRY_COMPILE.build/Debug/cmTC_d88c5.build/Objects-normal/x86_64/CheckFunctionExists.o

Ld Debug/cmTC_d88c5 normal x86_64
    cd /Users/losik/Downloads/UcodePuzzle/build/CMakeFiles/CMakeTmp
    /Applications/Xcode.app/Contents/Developer/Toolchains/XcodeDefault.xctoolchain/usr/bin/clang -arch x86_64 -isysroot /Applications/Xcode.app/Contents/Developer/Platforms/MacOSX.platform/Developer/SDKs/MacOSX10.14.sdk -L/Users/losik/Downloads/UcodePuzzle/build/CMakeFiles/CMakeTmp/Debug -F/Users/losik/Downloads/UcodePuzzle/build/CMakeFiles/CMakeTmp/Debug -filelist /Users/losik/Downloads/UcodePuzzle/build/CMakeFiles/CMakeTmp/CMAKE_TRY_COMPILE.build/Debug/cmTC_d88c5.build/Objects-normal/x86_64/cmTC_d88c5.LinkFileList -mmacosx-version-min=10.14 -Xlinker -object_path_lto -Xlinker /Users/losik/Downloads/UcodePuzzle/build/CMakeFiles/CMakeTmp/CMAKE_TRY_COMPILE.build/Debug/cmTC_d88c5.build/Objects-normal/x86_64/cmTC_d88c5_lto.o -Xlinker -no_deduplicate -Wl,-search_paths_first -Wl,-headerpad_max_install_names -Xlinker -dependency_info -Xlinker /Users/losik/Downloads/UcodePuzzle/build/CMakeFiles/CMakeTmp/CMAKE_TRY_COMPILE.build/Debug/cmTC_d88c5.build/Objects-normal/x86_64/cmTC_d88c5_dependency_info.dat -o /Users/losik/Downloads/UcodePuzzle/build/CMakeFiles/CMakeTmp/Debug/cmTC_d88c5
Undefined symbols for architecture x86_64:
  "__strlwr", referenced from:
      _main in CheckFunctionExists.o
ld: symbol(s) not found for architecture x86_64
clang: error: linker command failed with exit code 1 (use -v to see invocation)

** BUILD FAILED **


The following build commands failed:
	Ld Debug/cmTC_d88c5 normal x86_64
(1 failure)



Determining if the function itoa exists failed with the following output:
Change Dir: /Users/losik/Downloads/UcodePuzzle/build/CMakeFiles/CMakeTmp

Run Build Command(s):/usr/bin/xcodebuild -project CMAKE_TRY_COMPILE.xcodeproj build -target cmTC_da33b -configuration Debug -hideShellScriptEnvironment && User defaults from command line:
    HideShellScriptEnvironment = YES

Prepare build
note: Using legacy build system

=== BUILD TARGET cmTC_da33b OF PROJECT CMAKE_TRY_COMPILE WITH CONFIGURATION Debug ===

Check dependencies

Write auxiliary files
/bin/mkdir -p /Users/losik/Downloads/UcodePuzzle/build/CMakeFiles/CMakeTmp/CMAKE_TRY_COMPILE.build/Debug/cmTC_da33b.build/Objects-normal/x86_64
write-file /Users/losik/Downloads/UcodePuzzle/build/CMakeFiles/CMakeTmp/CMAKE_TRY_COMPILE.build/Debug/cmTC_da33b.build/Objects-normal/x86_64/cmTC_da33b.LinkFileList

CompileC CMAKE_TRY_COMPILE.build/Debug/cmTC_da33b.build/Objects-normal/x86_64/CheckFunctionExists.o /usr/local/Cellar/cmake/3.20.3/share/cmake/Modules/CheckFunctionExists.c normal x86_64 c com.apple.compilers.llvm.clang.1_0.compiler
    cd /Users/losik/Downloads/UcodePuzzle/build/CMakeFiles/CMakeTmp
    /Applications/Xcode.app/Contents/Developer/Toolchains/XcodeDefault.xctoolchain/usr/bin/clang -x c -arch x86_64 -fmessage-length=0 -fdiagnostics-show-note-include-stack -fmacro-backtrace-limit=0 -Wno-trigraphs -fpascal-strings -O0 -Wno-missing-field-initializers -Wno-missing-prototypes -Wno-return-type -Wno-missing-braces -Wparentheses -Wswitch -Wno-unused-function -Wno-unused-label -Wno-unused-parameter -Wno-unused-variable -Wunused-value -Wno-empty-body -Wno-uninitialized -Wno-unknown-pragmas -Wno-shadow -Wno-four-char-constants -Wno-conversion -Wno-constant-conversion -Wno-int-conversion -Wno-bool-conversion -Wno-enum-conversion -Wno-float-conversion -Wno-non-literal-null-conversion -Wno-objc-literal-conversion -Wno-shorten-64-to-32 -Wpointer-sign -Wno-newline-eof -DCMAKE_INTDIR=\"Debug\" -isysroot /Applications/Xcode.app/Contents/Developer/Platforms/MacOSX.platform/Developer/SDKs/MacOSX10.14.sdk -fasm-blocks -fstrict-aliasing -Wdeprecated-declarations -mmacosx-version-min=10.14 -g -Wno-sign-conversion -Wno-infinite-recursion -Wno-comma -Wno-block-capture-autoreleasing -Wno-strict-prototypes -Wno-semicolon-before-method-body -I/Users/losik/Downloads/UcodePuzzle/build/CMakeFiles/CMakeTmp/Debug/include -I/Users/losik/Downloads/UcodePuzzle/build/CMakeFiles/CMakeTmp/CMAKE_TRY_COMPILE.build/Debug/cmTC_da33b.build/DerivedSources/x86_64 -I/Users/losik/Downloads/UcodePuzzle/build/CMakeFiles/CMakeTmp/CMAKE_TRY_COMPILE.build/Debug/cmTC_da33b.build/DerivedSources -F/Users/losik/Downloads/UcodePuzzle/build/CMakeFiles/CMakeTmp/Debug -idirafter /Users/losik/Downloads/UcodePuzzle/minikit/external/SDL2/src/video/khronos -DCHECK_FUNCTION_EXISTS=itoa -MMD -MT dependencies -MF /Users/losik/Downloads/UcodePuzzle/build/CMakeFiles/CMakeTmp/CMAKE_TRY_COMPILE.build/Debug/cmTC_da33b.build/Objects-normal/x86_64/CheckFunctionExists.d --serialize-diagnostics /Users/losik/Downloads/UcodePuzzle/build/CMakeFiles/CMakeTmp/CMAKE_TRY_COMPILE.build/Debug/cmTC_da33b.build/Objects-normal/x86_64/CheckFunctionExists.dia -c /usr/local/Cellar/cmake/3.20.3/share/cmake/Modules/CheckFunctionExists.c -o /Users/losik/Downloads/UcodePuzzle/build/CMakeFiles/CMakeTmp/CMAKE_TRY_COMPILE.build/Debug/cmTC_da33b.build/Objects-normal/x86_64/CheckFunctionExists.o

Ld Debug/cmTC_da33b normal x86_64
    cd /Users/losik/Downloads/UcodePuzzle/build/CMakeFiles/CMakeTmp
    /Applications/Xcode.app/Contents/Developer/Toolchains/XcodeDefault.xctoolchain/usr/bin/clang -arch x86_64 -isysroot /Applications/Xcode.app/Contents/Developer/Platforms/MacOSX.platform/Developer/SDKs/MacOSX10.14.sdk -L/Users/losik/Downloads/UcodePuzzle/build/CMakeFiles/CMakeTmp/Debug -F/Users/losik/Downloads/UcodePuzzle/build/CMakeFiles/CMakeTmp/Debug -filelist /Users/losik/Downloads/UcodePuzzle/build/CMakeFiles/CMakeTmp/CMAKE_TRY_COMPILE.build/Debug/cmTC_da33b.build/Objects-normal/x86_64/cmTC_da33b.LinkFileList -mmacosx-version-min=10.14 -Xlinker -object_path_lto -Xlinker /Users/losik/Downloads/UcodePuzzle/build/CMakeFiles/CMakeTmp/CMAKE_TRY_COMPILE.build/Debug/cmTC_da33b.build/Objects-normal/x86_64/cmTC_da33b_lto.o -Xlinker -no_deduplicate -Wl,-search_paths_first -Wl,-headerpad_max_install_names -Xlinker -dependency_info -Xlinker /Users/losik/Downloads/UcodePuzzle/build/CMakeFiles/CMakeTmp/CMAKE_TRY_COMPILE.build/Debug/cmTC_da33b.build/Objects-normal/x86_64/cmTC_da33b_dependency_info.dat -o /Users/losik/Downloads/UcodePuzzle/build/CMakeFiles/CMakeTmp/Debug/cmTC_da33b
Undefined symbols for architecture x86_64:
  "_itoa", referenced from:
      _main in CheckFunctionExists.o
ld: symbol(s) not found for architecture x86_64
clang: error: linker command failed with exit code 1 (use -v to see invocation)

** BUILD FAILED **


The following build commands failed:
	Ld Debug/cmTC_da33b normal x86_64
(1 failure)



Determining if the function _ltoa exists failed with the following output:
Change Dir: /Users/losik/Downloads/UcodePuzzle/build/CMakeFiles/CMakeTmp

Run Build Command(s):/usr/bin/xcodebuild -project CMAKE_TRY_COMPILE.xcodeproj build -target cmTC_b6d37 -configuration Debug -hideShellScriptEnvironment && User defaults from command line:
    HideShellScriptEnvironment = YES

Prepare build
note: Using legacy build system

=== BUILD TARGET cmTC_b6d37 OF PROJECT CMAKE_TRY_COMPILE WITH CONFIGURATION Debug ===

Check dependencies

Write auxiliary files
/bin/mkdir -p /Users/losik/Downloads/UcodePuzzle/build/CMakeFiles/CMakeTmp/CMAKE_TRY_COMPILE.build/Debug/cmTC_b6d37.build/Objects-normal/x86_64
write-file /Users/losik/Downloads/UcodePuzzle/build/CMakeFiles/CMakeTmp/CMAKE_TRY_COMPILE.build/Debug/cmTC_b6d37.build/Objects-normal/x86_64/cmTC_b6d37.LinkFileList

CompileC CMAKE_TRY_COMPILE.build/Debug/cmTC_b6d37.build/Objects-normal/x86_64/CheckFunctionExists.o /usr/local/Cellar/cmake/3.20.3/share/cmake/Modules/CheckFunctionExists.c normal x86_64 c com.apple.compilers.llvm.clang.1_0.compiler
    cd /Users/losik/Downloads/UcodePuzzle/build/CMakeFiles/CMakeTmp
    /Applications/Xcode.app/Contents/Developer/Toolchains/XcodeDefault.xctoolchain/usr/bin/clang -x c -arch x86_64 -fmessage-length=0 -fdiagnostics-show-note-include-stack -fmacro-backtrace-limit=0 -Wno-trigraphs -fpascal-strings -O0 -Wno-missing-field-initializers -Wno-missing-prototypes -Wno-return-type -Wno-missing-braces -Wparentheses -Wswitch -Wno-unused-function -Wno-unused-label -Wno-unused-parameter -Wno-unused-variable -Wunused-value -Wno-empty-body -Wno-uninitialized -Wno-unknown-pragmas -Wno-shadow -Wno-four-char-constants -Wno-conversion -Wno-constant-conversion -Wno-int-conversion -Wno-bool-conversion -Wno-enum-conversion -Wno-float-conversion -Wno-non-literal-null-conversion -Wno-objc-literal-conversion -Wno-shorten-64-to-32 -Wpointer-sign -Wno-newline-eof -DCMAKE_INTDIR=\"Debug\" -isysroot /Applications/Xcode.app/Contents/Developer/Platforms/MacOSX.platform/Developer/SDKs/MacOSX10.14.sdk -fasm-blocks -fstrict-aliasing -Wdeprecated-declarations -mmacosx-version-min=10.14 -g -Wno-sign-conversion -Wno-infinite-recursion -Wno-comma -Wno-block-capture-autoreleasing -Wno-strict-prototypes -Wno-semicolon-before-method-body -I/Users/losik/Downloads/UcodePuzzle/build/CMakeFiles/CMakeTmp/Debug/include -I/Users/losik/Downloads/UcodePuzzle/build/CMakeFiles/CMakeTmp/CMAKE_TRY_COMPILE.build/Debug/cmTC_b6d37.build/DerivedSources/x86_64 -I/Users/losik/Downloads/UcodePuzzle/build/CMakeFiles/CMakeTmp/CMAKE_TRY_COMPILE.build/Debug/cmTC_b6d37.build/DerivedSources -F/Users/losik/Downloads/UcodePuzzle/build/CMakeFiles/CMakeTmp/Debug -idirafter /Users/losik/Downloads/UcodePuzzle/minikit/external/SDL2/src/video/khronos -DCHECK_FUNCTION_EXISTS=_ltoa -MMD -MT dependencies -MF /Users/losik/Downloads/UcodePuzzle/build/CMakeFiles/CMakeTmp/CMAKE_TRY_COMPILE.build/Debug/cmTC_b6d37.build/Objects-normal/x86_64/CheckFunctionExists.d --serialize-diagnostics /Users/losik/Downloads/UcodePuzzle/build/CMakeFiles/CMakeTmp/CMAKE_TRY_COMPILE.build/Debug/cmTC_b6d37.build/Objects-normal/x86_64/CheckFunctionExists.dia -c /usr/local/Cellar/cmake/3.20.3/share/cmake/Modules/CheckFunctionExists.c -o /Users/losik/Downloads/UcodePuzzle/build/CMakeFiles/CMakeTmp/CMAKE_TRY_COMPILE.build/Debug/cmTC_b6d37.build/Objects-normal/x86_64/CheckFunctionExists.o

Ld Debug/cmTC_b6d37 normal x86_64
    cd /Users/losik/Downloads/UcodePuzzle/build/CMakeFiles/CMakeTmp
    /Applications/Xcode.app/Contents/Developer/Toolchains/XcodeDefault.xctoolchain/usr/bin/clang -arch x86_64 -isysroot /Applications/Xcode.app/Contents/Developer/Platforms/MacOSX.platform/Developer/SDKs/MacOSX10.14.sdk -L/Users/losik/Downloads/UcodePuzzle/build/CMakeFiles/CMakeTmp/Debug -F/Users/losik/Downloads/UcodePuzzle/build/CMakeFiles/CMakeTmp/Debug -filelist /Users/losik/Downloads/UcodePuzzle/build/CMakeFiles/CMakeTmp/CMAKE_TRY_COMPILE.build/Debug/cmTC_b6d37.build/Objects-normal/x86_64/cmTC_b6d37.LinkFileList -mmacosx-version-min=10.14 -Xlinker -object_path_lto -Xlinker /Users/losik/Downloads/UcodePuzzle/build/CMakeFiles/CMakeTmp/CMAKE_TRY_COMPILE.build/Debug/cmTC_b6d37.build/Objects-normal/x86_64/cmTC_b6d37_lto.o -Xlinker -no_deduplicate -Wl,-search_paths_first -Wl,-headerpad_max_install_names -Xlinker -dependency_info -Xlinker /Users/losik/Downloads/UcodePuzzle/build/CMakeFiles/CMakeTmp/CMAKE_TRY_COMPILE.build/Debug/cmTC_b6d37.build/Objects-normal/x86_64/cmTC_b6d37_dependency_info.dat -o /Users/losik/Downloads/UcodePuzzle/build/CMakeFiles/CMakeTmp/Debug/cmTC_b6d37
Undefined symbols for architecture x86_64:
  "__ltoa", referenced from:
      _main in CheckFunctionExists.o
ld: symbol(s) not found for architecture x86_64
clang: error: linker command failed with exit code 1 (use -v to see invocation)

** BUILD FAILED **


The following build commands failed:
	Ld Debug/cmTC_b6d37 normal x86_64
(1 failure)



Determining if the function _uitoa exists failed with the following output:
Change Dir: /Users/losik/Downloads/UcodePuzzle/build/CMakeFiles/CMakeTmp

Run Build Command(s):/usr/bin/xcodebuild -project CMAKE_TRY_COMPILE.xcodeproj build -target cmTC_dc0e3 -configuration Debug -hideShellScriptEnvironment && User defaults from command line:
    HideShellScriptEnvironment = YES

Prepare build
note: Using legacy build system

=== BUILD TARGET cmTC_dc0e3 OF PROJECT CMAKE_TRY_COMPILE WITH CONFIGURATION Debug ===

Check dependencies

Write auxiliary files
/bin/mkdir -p /Users/losik/Downloads/UcodePuzzle/build/CMakeFiles/CMakeTmp/CMAKE_TRY_COMPILE.build/Debug/cmTC_dc0e3.build/Objects-normal/x86_64
write-file /Users/losik/Downloads/UcodePuzzle/build/CMakeFiles/CMakeTmp/CMAKE_TRY_COMPILE.build/Debug/cmTC_dc0e3.build/Objects-normal/x86_64/cmTC_dc0e3.LinkFileList

CompileC CMAKE_TRY_COMPILE.build/Debug/cmTC_dc0e3.build/Objects-normal/x86_64/CheckFunctionExists.o /usr/local/Cellar/cmake/3.20.3/share/cmake/Modules/CheckFunctionExists.c normal x86_64 c com.apple.compilers.llvm.clang.1_0.compiler
    cd /Users/losik/Downloads/UcodePuzzle/build/CMakeFiles/CMakeTmp
    /Applications/Xcode.app/Contents/Developer/Toolchains/XcodeDefault.xctoolchain/usr/bin/clang -x c -arch x86_64 -fmessage-length=0 -fdiagnostics-show-note-include-stack -fmacro-backtrace-limit=0 -Wno-trigraphs -fpascal-strings -O0 -Wno-missing-field-initializers -Wno-missing-prototypes -Wno-return-type -Wno-missing-braces -Wparentheses -Wswitch -Wno-unused-function -Wno-unused-label -Wno-unused-parameter -Wno-unused-variable -Wunused-value -Wno-empty-body -Wno-uninitialized -Wno-unknown-pragmas -Wno-shadow -Wno-four-char-constants -Wno-conversion -Wno-constant-conversion -Wno-int-conversion -Wno-bool-conversion -Wno-enum-conversion -Wno-float-conversion -Wno-non-literal-null-conversion -Wno-objc-literal-conversion -Wno-shorten-64-to-32 -Wpointer-sign -Wno-newline-eof -DCMAKE_INTDIR=\"Debug\" -isysroot /Applications/Xcode.app/Contents/Developer/Platforms/MacOSX.platform/Developer/SDKs/MacOSX10.14.sdk -fasm-blocks -fstrict-aliasing -Wdeprecated-declarations -mmacosx-version-min=10.14 -g -Wno-sign-conversion -Wno-infinite-recursion -Wno-comma -Wno-block-capture-autoreleasing -Wno-strict-prototypes -Wno-semicolon-before-method-body -I/Users/losik/Downloads/UcodePuzzle/build/CMakeFiles/CMakeTmp/Debug/include -I/Users/losik/Downloads/UcodePuzzle/build/CMakeFiles/CMakeTmp/CMAKE_TRY_COMPILE.build/Debug/cmTC_dc0e3.build/DerivedSources/x86_64 -I/Users/losik/Downloads/UcodePuzzle/build/CMakeFiles/CMakeTmp/CMAKE_TRY_COMPILE.build/Debug/cmTC_dc0e3.build/DerivedSources -F/Users/losik/Downloads/UcodePuzzle/build/CMakeFiles/CMakeTmp/Debug -idirafter /Users/losik/Downloads/UcodePuzzle/minikit/external/SDL2/src/video/khronos -DCHECK_FUNCTION_EXISTS=_uitoa -MMD -MT dependencies -MF /Users/losik/Downloads/UcodePuzzle/build/CMakeFiles/CMakeTmp/CMAKE_TRY_COMPILE.build/Debug/cmTC_dc0e3.build/Objects-normal/x86_64/CheckFunctionExists.d --serialize-diagnostics /Users/losik/Downloads/UcodePuzzle/build/CMakeFiles/CMakeTmp/CMAKE_TRY_COMPILE.build/Debug/cmTC_dc0e3.build/Objects-normal/x86_64/CheckFunctionExists.dia -c /usr/local/Cellar/cmake/3.20.3/share/cmake/Modules/CheckFunctionExists.c -o /Users/losik/Downloads/UcodePuzzle/build/CMakeFiles/CMakeTmp/CMAKE_TRY_COMPILE.build/Debug/cmTC_dc0e3.build/Objects-normal/x86_64/CheckFunctionExists.o

Ld Debug/cmTC_dc0e3 normal x86_64
    cd /Users/losik/Downloads/UcodePuzzle/build/CMakeFiles/CMakeTmp
    /Applications/Xcode.app/Contents/Developer/Toolchains/XcodeDefault.xctoolchain/usr/bin/clang -arch x86_64 -isysroot /Applications/Xcode.app/Contents/Developer/Platforms/MacOSX.platform/Developer/SDKs/MacOSX10.14.sdk -L/Users/losik/Downloads/UcodePuzzle/build/CMakeFiles/CMakeTmp/Debug -F/Users/losik/Downloads/UcodePuzzle/build/CMakeFiles/CMakeTmp/Debug -filelist /Users/losik/Downloads/UcodePuzzle/build/CMakeFiles/CMakeTmp/CMAKE_TRY_COMPILE.build/Debug/cmTC_dc0e3.build/Objects-normal/x86_64/cmTC_dc0e3.LinkFileList -mmacosx-version-min=10.14 -Xlinker -object_path_lto -Xlinker /Users/losik/Downloads/UcodePuzzle/build/CMakeFiles/CMakeTmp/CMAKE_TRY_COMPILE.build/Debug/cmTC_dc0e3.build/Objects-normal/x86_64/cmTC_dc0e3_lto.o -Xlinker -no_deduplicate -Wl,-search_paths_first -Wl,-headerpad_max_install_names -Xlinker -dependency_info -Xlinker /Users/losik/Downloads/UcodePuzzle/build/CMakeFiles/CMakeTmp/CMAKE_TRY_COMPILE.build/Debug/cmTC_dc0e3.build/Objects-normal/x86_64/cmTC_dc0e3_dependency_info.dat -o /Users/losik/Downloads/UcodePuzzle/build/CMakeFiles/CMakeTmp/Debug/cmTC_dc0e3
Undefined symbols for architecture x86_64:
  "__uitoa", referenced from:
      _main in CheckFunctionExists.o
ld: symbol(s) not found for architecture x86_64
clang: error: linker command failed with exit code 1 (use -v to see invocation)

** BUILD FAILED **


The following build commands failed:
	Ld Debug/cmTC_dc0e3 normal x86_64
(1 failure)



Determining if the function _ultoa exists failed with the following output:
Change Dir: /Users/losik/Downloads/UcodePuzzle/build/CMakeFiles/CMakeTmp

Run Build Command(s):/usr/bin/xcodebuild -project CMAKE_TRY_COMPILE.xcodeproj build -target cmTC_efb52 -configuration Debug -hideShellScriptEnvironment && User defaults from command line:
    HideShellScriptEnvironment = YES

Prepare build
note: Using legacy build system

=== BUILD TARGET cmTC_efb52 OF PROJECT CMAKE_TRY_COMPILE WITH CONFIGURATION Debug ===

Check dependencies

Write auxiliary files
/bin/mkdir -p /Users/losik/Downloads/UcodePuzzle/build/CMakeFiles/CMakeTmp/CMAKE_TRY_COMPILE.build/Debug/cmTC_efb52.build/Objects-normal/x86_64
write-file /Users/losik/Downloads/UcodePuzzle/build/CMakeFiles/CMakeTmp/CMAKE_TRY_COMPILE.build/Debug/cmTC_efb52.build/Objects-normal/x86_64/cmTC_efb52.LinkFileList

CompileC CMAKE_TRY_COMPILE.build/Debug/cmTC_efb52.build/Objects-normal/x86_64/CheckFunctionExists.o /usr/local/Cellar/cmake/3.20.3/share/cmake/Modules/CheckFunctionExists.c normal x86_64 c com.apple.compilers.llvm.clang.1_0.compiler
    cd /Users/losik/Downloads/UcodePuzzle/build/CMakeFiles/CMakeTmp
    /Applications/Xcode.app/Contents/Developer/Toolchains/XcodeDefault.xctoolchain/usr/bin/clang -x c -arch x86_64 -fmessage-length=0 -fdiagnostics-show-note-include-stack -fmacro-backtrace-limit=0 -Wno-trigraphs -fpascal-strings -O0 -Wno-missing-field-initializers -Wno-missing-prototypes -Wno-return-type -Wno-missing-braces -Wparentheses -Wswitch -Wno-unused-function -Wno-unused-label -Wno-unused-parameter -Wno-unused-variable -Wunused-value -Wno-empty-body -Wno-uninitialized -Wno-unknown-pragmas -Wno-shadow -Wno-four-char-constants -Wno-conversion -Wno-constant-conversion -Wno-int-conversion -Wno-bool-conversion -Wno-enum-conversion -Wno-float-conversion -Wno-non-literal-null-conversion -Wno-objc-literal-conversion -Wno-shorten-64-to-32 -Wpointer-sign -Wno-newline-eof -DCMAKE_INTDIR=\"Debug\" -isysroot /Applications/Xcode.app/Contents/Developer/Platforms/MacOSX.platform/Developer/SDKs/MacOSX10.14.sdk -fasm-blocks -fstrict-aliasing -Wdeprecated-declarations -mmacosx-version-min=10.14 -g -Wno-sign-conversion -Wno-infinite-recursion -Wno-comma -Wno-block-capture-autoreleasing -Wno-strict-prototypes -Wno-semicolon-before-method-body -I/Users/losik/Downloads/UcodePuzzle/build/CMakeFiles/CMakeTmp/Debug/include -I/Users/losik/Downloads/UcodePuzzle/build/CMakeFiles/CMakeTmp/CMAKE_TRY_COMPILE.build/Debug/cmTC_efb52.build/DerivedSources/x86_64 -I/Users/losik/Downloads/UcodePuzzle/build/CMakeFiles/CMakeTmp/CMAKE_TRY_COMPILE.build/Debug/cmTC_efb52.build/DerivedSources -F/Users/losik/Downloads/UcodePuzzle/build/CMakeFiles/CMakeTmp/Debug -idirafter /Users/losik/Downloads/UcodePuzzle/minikit/external/SDL2/src/video/khronos -DCHECK_FUNCTION_EXISTS=_ultoa -MMD -MT dependencies -MF /Users/losik/Downloads/UcodePuzzle/build/CMakeFiles/CMakeTmp/CMAKE_TRY_COMPILE.build/Debug/cmTC_efb52.build/Objects-normal/x86_64/CheckFunctionExists.d --serialize-diagnostics /Users/losik/Downloads/UcodePuzzle/build/CMakeFiles/CMakeTmp/CMAKE_TRY_COMPILE.build/Debug/cmTC_efb52.build/Objects-normal/x86_64/CheckFunctionExists.dia -c /usr/local/Cellar/cmake/3.20.3/share/cmake/Modules/CheckFunctionExists.c -o /Users/losik/Downloads/UcodePuzzle/build/CMakeFiles/CMakeTmp/CMAKE_TRY_COMPILE.build/Debug/cmTC_efb52.build/Objects-normal/x86_64/CheckFunctionExists.o

Ld Debug/cmTC_efb52 normal x86_64
    cd /Users/losik/Downloads/UcodePuzzle/build/CMakeFiles/CMakeTmp
    /Applications/Xcode.app/Contents/Developer/Toolchains/XcodeDefault.xctoolchain/usr/bin/clang -arch x86_64 -isysroot /Applications/Xcode.app/Contents/Developer/Platforms/MacOSX.platform/Developer/SDKs/MacOSX10.14.sdk -L/Users/losik/Downloads/UcodePuzzle/build/CMakeFiles/CMakeTmp/Debug -F/Users/losik/Downloads/UcodePuzzle/build/CMakeFiles/CMakeTmp/Debug -filelist /Users/losik/Downloads/UcodePuzzle/build/CMakeFiles/CMakeTmp/CMAKE_TRY_COMPILE.build/Debug/cmTC_efb52.build/Objects-normal/x86_64/cmTC_efb52.LinkFileList -mmacosx-version-min=10.14 -Xlinker -object_path_lto -Xlinker /Users/losik/Downloads/UcodePuzzle/build/CMakeFiles/CMakeTmp/CMAKE_TRY_COMPILE.build/Debug/cmTC_efb52.build/Objects-normal/x86_64/cmTC_efb52_lto.o -Xlinker -no_deduplicate -Wl,-search_paths_first -Wl,-headerpad_max_install_names -Xlinker -dependency_info -Xlinker /Users/losik/Downloads/UcodePuzzle/build/CMakeFiles/CMakeTmp/CMAKE_TRY_COMPILE.build/Debug/cmTC_efb52.build/Objects-normal/x86_64/cmTC_efb52_dependency_info.dat -o /Users/losik/Downloads/UcodePuzzle/build/CMakeFiles/CMakeTmp/Debug/cmTC_efb52
Undefined symbols for architecture x86_64:
  "__ultoa", referenced from:
      _main in CheckFunctionExists.o
ld: symbol(s) not found for architecture x86_64
clang: error: linker command failed with exit code 1 (use -v to see invocation)

** BUILD FAILED **


The following build commands failed:
	Ld Debug/cmTC_efb52 normal x86_64
(1 failure)



Determining if the function _i64toa exists failed with the following output:
Change Dir: /Users/losik/Downloads/UcodePuzzle/build/CMakeFiles/CMakeTmp

Run Build Command(s):/usr/bin/xcodebuild -project CMAKE_TRY_COMPILE.xcodeproj build -target cmTC_e8497 -configuration Debug -hideShellScriptEnvironment && User defaults from command line:
    HideShellScriptEnvironment = YES

Prepare build
note: Using legacy build system

=== BUILD TARGET cmTC_e8497 OF PROJECT CMAKE_TRY_COMPILE WITH CONFIGURATION Debug ===

Check dependencies

Write auxiliary files
/bin/mkdir -p /Users/losik/Downloads/UcodePuzzle/build/CMakeFiles/CMakeTmp/CMAKE_TRY_COMPILE.build/Debug/cmTC_e8497.build/Objects-normal/x86_64
write-file /Users/losik/Downloads/UcodePuzzle/build/CMakeFiles/CMakeTmp/CMAKE_TRY_COMPILE.build/Debug/cmTC_e8497.build/Objects-normal/x86_64/cmTC_e8497.LinkFileList

CompileC CMAKE_TRY_COMPILE.build/Debug/cmTC_e8497.build/Objects-normal/x86_64/CheckFunctionExists.o /usr/local/Cellar/cmake/3.20.3/share/cmake/Modules/CheckFunctionExists.c normal x86_64 c com.apple.compilers.llvm.clang.1_0.compiler
    cd /Users/losik/Downloads/UcodePuzzle/build/CMakeFiles/CMakeTmp
    /Applications/Xcode.app/Contents/Developer/Toolchains/XcodeDefault.xctoolchain/usr/bin/clang -x c -arch x86_64 -fmessage-length=0 -fdiagnostics-show-note-include-stack -fmacro-backtrace-limit=0 -Wno-trigraphs -fpascal-strings -O0 -Wno-missing-field-initializers -Wno-missing-prototypes -Wno-return-type -Wno-missing-braces -Wparentheses -Wswitch -Wno-unused-function -Wno-unused-label -Wno-unused-parameter -Wno-unused-variable -Wunused-value -Wno-empty-body -Wno-uninitialized -Wno-unknown-pragmas -Wno-shadow -Wno-four-char-constants -Wno-conversion -Wno-constant-conversion -Wno-int-conversion -Wno-bool-conversion -Wno-enum-conversion -Wno-float-conversion -Wno-non-literal-null-conversion -Wno-objc-literal-conversion -Wno-shorten-64-to-32 -Wpointer-sign -Wno-newline-eof -DCMAKE_INTDIR=\"Debug\" -isysroot /Applications/Xcode.app/Contents/Developer/Platforms/MacOSX.platform/Developer/SDKs/MacOSX10.14.sdk -fasm-blocks -fstrict-aliasing -Wdeprecated-declarations -mmacosx-version-min=10.14 -g -Wno-sign-conversion -Wno-infinite-recursion -Wno-comma -Wno-block-capture-autoreleasing -Wno-strict-prototypes -Wno-semicolon-before-method-body -I/Users/losik/Downloads/UcodePuzzle/build/CMakeFiles/CMakeTmp/Debug/include -I/Users/losik/Downloads/UcodePuzzle/build/CMakeFiles/CMakeTmp/CMAKE_TRY_COMPILE.build/Debug/cmTC_e8497.build/DerivedSources/x86_64 -I/Users/losik/Downloads/UcodePuzzle/build/CMakeFiles/CMakeTmp/CMAKE_TRY_COMPILE.build/Debug/cmTC_e8497.build/DerivedSources -F/Users/losik/Downloads/UcodePuzzle/build/CMakeFiles/CMakeTmp/Debug -idirafter /Users/losik/Downloads/UcodePuzzle/minikit/external/SDL2/src/video/khronos -DCHECK_FUNCTION_EXISTS=_i64toa -MMD -MT dependencies -MF /Users/losik/Downloads/UcodePuzzle/build/CMakeFiles/CMakeTmp/CMAKE_TRY_COMPILE.build/Debug/cmTC_e8497.build/Objects-normal/x86_64/CheckFunctionExists.d --serialize-diagnostics /Users/losik/Downloads/UcodePuzzle/build/CMakeFiles/CMakeTmp/CMAKE_TRY_COMPILE.build/Debug/cmTC_e8497.build/Objects-normal/x86_64/CheckFunctionExists.dia -c /usr/local/Cellar/cmake/3.20.3/share/cmake/Modules/CheckFunctionExists.c -o /Users/losik/Downloads/UcodePuzzle/build/CMakeFiles/CMakeTmp/CMAKE_TRY_COMPILE.build/Debug/cmTC_e8497.build/Objects-normal/x86_64/CheckFunctionExists.o

Ld Debug/cmTC_e8497 normal x86_64
    cd /Users/losik/Downloads/UcodePuzzle/build/CMakeFiles/CMakeTmp
    /Applications/Xcode.app/Contents/Developer/Toolchains/XcodeDefault.xctoolchain/usr/bin/clang -arch x86_64 -isysroot /Applications/Xcode.app/Contents/Developer/Platforms/MacOSX.platform/Developer/SDKs/MacOSX10.14.sdk -L/Users/losik/Downloads/UcodePuzzle/build/CMakeFiles/CMakeTmp/Debug -F/Users/losik/Downloads/UcodePuzzle/build/CMakeFiles/CMakeTmp/Debug -filelist /Users/losik/Downloads/UcodePuzzle/build/CMakeFiles/CMakeTmp/CMAKE_TRY_COMPILE.build/Debug/cmTC_e8497.build/Objects-normal/x86_64/cmTC_e8497.LinkFileList -mmacosx-version-min=10.14 -Xlinker -object_path_lto -Xlinker /Users/losik/Downloads/UcodePuzzle/build/CMakeFiles/CMakeTmp/CMAKE_TRY_COMPILE.build/Debug/cmTC_e8497.build/Objects-normal/x86_64/cmTC_e8497_lto.o -Xlinker -no_deduplicate -Wl,-search_paths_first -Wl,-headerpad_max_install_names -Xlinker -dependency_info -Xlinker /Users/losik/Downloads/UcodePuzzle/build/CMakeFiles/CMakeTmp/CMAKE_TRY_COMPILE.build/Debug/cmTC_e8497.build/Objects-normal/x86_64/cmTC_e8497_dependency_info.dat -o /Users/losik/Downloads/UcodePuzzle/build/CMakeFiles/CMakeTmp/Debug/cmTC_e8497
Undefined symbols for architecture x86_64:
  "__i64toa", referenced from:
      _main in CheckFunctionExists.o
ld: symbol(s) not found for architecture x86_64
clang: error: linker command failed with exit code 1 (use -v to see invocation)

** BUILD FAILED **


The following build commands failed:
	Ld Debug/cmTC_e8497 normal x86_64
(1 failure)



Determining if the function _ui64toa exists failed with the following output:
Change Dir: /Users/losik/Downloads/UcodePuzzle/build/CMakeFiles/CMakeTmp

Run Build Command(s):/usr/bin/xcodebuild -project CMAKE_TRY_COMPILE.xcodeproj build -target cmTC_92e2a -configuration Debug -hideShellScriptEnvironment && User defaults from command line:
    HideShellScriptEnvironment = YES

Prepare build
note: Using legacy build system

=== BUILD TARGET cmTC_92e2a OF PROJECT CMAKE_TRY_COMPILE WITH CONFIGURATION Debug ===

Check dependencies

Write auxiliary files
/bin/mkdir -p /Users/losik/Downloads/UcodePuzzle/build/CMakeFiles/CMakeTmp/CMAKE_TRY_COMPILE.build/Debug/cmTC_92e2a.build/Objects-normal/x86_64
write-file /Users/losik/Downloads/UcodePuzzle/build/CMakeFiles/CMakeTmp/CMAKE_TRY_COMPILE.build/Debug/cmTC_92e2a.build/Objects-normal/x86_64/cmTC_92e2a.LinkFileList

CompileC CMAKE_TRY_COMPILE.build/Debug/cmTC_92e2a.build/Objects-normal/x86_64/CheckFunctionExists.o /usr/local/Cellar/cmake/3.20.3/share/cmake/Modules/CheckFunctionExists.c normal x86_64 c com.apple.compilers.llvm.clang.1_0.compiler
    cd /Users/losik/Downloads/UcodePuzzle/build/CMakeFiles/CMakeTmp
    /Applications/Xcode.app/Contents/Developer/Toolchains/XcodeDefault.xctoolchain/usr/bin/clang -x c -arch x86_64 -fmessage-length=0 -fdiagnostics-show-note-include-stack -fmacro-backtrace-limit=0 -Wno-trigraphs -fpascal-strings -O0 -Wno-missing-field-initializers -Wno-missing-prototypes -Wno-return-type -Wno-missing-braces -Wparentheses -Wswitch -Wno-unused-function -Wno-unused-label -Wno-unused-parameter -Wno-unused-variable -Wunused-value -Wno-empty-body -Wno-uninitialized -Wno-unknown-pragmas -Wno-shadow -Wno-four-char-constants -Wno-conversion -Wno-constant-conversion -Wno-int-conversion -Wno-bool-conversion -Wno-enum-conversion -Wno-float-conversion -Wno-non-literal-null-conversion -Wno-objc-literal-conversion -Wno-shorten-64-to-32 -Wpointer-sign -Wno-newline-eof -DCMAKE_INTDIR=\"Debug\" -isysroot /Applications/Xcode.app/Contents/Developer/Platforms/MacOSX.platform/Developer/SDKs/MacOSX10.14.sdk -fasm-blocks -fstrict-aliasing -Wdeprecated-declarations -mmacosx-version-min=10.14 -g -Wno-sign-conversion -Wno-infinite-recursion -Wno-comma -Wno-block-capture-autoreleasing -Wno-strict-prototypes -Wno-semicolon-before-method-body -I/Users/losik/Downloads/UcodePuzzle/build/CMakeFiles/CMakeTmp/Debug/include -I/Users/losik/Downloads/UcodePuzzle/build/CMakeFiles/CMakeTmp/CMAKE_TRY_COMPILE.build/Debug/cmTC_92e2a.build/DerivedSources/x86_64 -I/Users/losik/Downloads/UcodePuzzle/build/CMakeFiles/CMakeTmp/CMAKE_TRY_COMPILE.build/Debug/cmTC_92e2a.build/DerivedSources -F/Users/losik/Downloads/UcodePuzzle/build/CMakeFiles/CMakeTmp/Debug -idirafter /Users/losik/Downloads/UcodePuzzle/minikit/external/SDL2/src/video/khronos -DCHECK_FUNCTION_EXISTS=_ui64toa -MMD -MT dependencies -MF /Users/losik/Downloads/UcodePuzzle/build/CMakeFiles/CMakeTmp/CMAKE_TRY_COMPILE.build/Debug/cmTC_92e2a.build/Objects-normal/x86_64/CheckFunctionExists.d --serialize-diagnostics /Users/losik/Downloads/UcodePuzzle/build/CMakeFiles/CMakeTmp/CMAKE_TRY_COMPILE.build/Debug/cmTC_92e2a.build/Objects-normal/x86_64/CheckFunctionExists.dia -c /usr/local/Cellar/cmake/3.20.3/share/cmake/Modules/CheckFunctionExists.c -o /Users/losik/Downloads/UcodePuzzle/build/CMakeFiles/CMakeTmp/CMAKE_TRY_COMPILE.build/Debug/cmTC_92e2a.build/Objects-normal/x86_64/CheckFunctionExists.o

Ld Debug/cmTC_92e2a normal x86_64
    cd /Users/losik/Downloads/UcodePuzzle/build/CMakeFiles/CMakeTmp
    /Applications/Xcode.app/Contents/Developer/Toolchains/XcodeDefault.xctoolchain/usr/bin/clang -arch x86_64 -isysroot /Applications/Xcode.app/Contents/Developer/Platforms/MacOSX.platform/Developer/SDKs/MacOSX10.14.sdk -L/Users/losik/Downloads/UcodePuzzle/build/CMakeFiles/CMakeTmp/Debug -F/Users/losik/Downloads/UcodePuzzle/build/CMakeFiles/CMakeTmp/Debug -filelist /Users/losik/Downloads/UcodePuzzle/build/CMakeFiles/CMakeTmp/CMAKE_TRY_COMPILE.build/Debug/cmTC_92e2a.build/Objects-normal/x86_64/cmTC_92e2a.LinkFileList -mmacosx-version-min=10.14 -Xlinker -object_path_lto -Xlinker /Users/losik/Downloads/UcodePuzzle/build/CMakeFiles/CMakeTmp/CMAKE_TRY_COMPILE.build/Debug/cmTC_92e2a.build/Objects-normal/x86_64/cmTC_92e2a_lto.o -Xlinker -no_deduplicate -Wl,-search_paths_first -Wl,-headerpad_max_install_names -Xlinker -dependency_info -Xlinker /Users/losik/Downloads/UcodePuzzle/build/CMakeFiles/CMakeTmp/CMAKE_TRY_COMPILE.build/Debug/cmTC_92e2a.build/Objects-normal/x86_64/cmTC_92e2a_dependency_info.dat -o /Users/losik/Downloads/UcodePuzzle/build/CMakeFiles/CMakeTmp/Debug/cmTC_92e2a
Undefined symbols for architecture x86_64:
  "__ui64toa", referenced from:
      _main in CheckFunctionExists.o
ld: symbol(s) not found for architecture x86_64
clang: error: linker command failed with exit code 1 (use -v to see invocation)

** BUILD FAILED **


The following build commands failed:
	Ld Debug/cmTC_92e2a normal x86_64
(1 failure)



Determining if the function _stricmp exists failed with the following output:
Change Dir: /Users/losik/Downloads/UcodePuzzle/build/CMakeFiles/CMakeTmp

Run Build Command(s):/usr/bin/xcodebuild -project CMAKE_TRY_COMPILE.xcodeproj build -target cmTC_0816a -configuration Debug -hideShellScriptEnvironment && User defaults from command line:
    HideShellScriptEnvironment = YES

Prepare build
note: Using legacy build system

=== BUILD TARGET cmTC_0816a OF PROJECT CMAKE_TRY_COMPILE WITH CONFIGURATION Debug ===

Check dependencies

Write auxiliary files
/bin/mkdir -p /Users/losik/Downloads/UcodePuzzle/build/CMakeFiles/CMakeTmp/CMAKE_TRY_COMPILE.build/Debug/cmTC_0816a.build/Objects-normal/x86_64
write-file /Users/losik/Downloads/UcodePuzzle/build/CMakeFiles/CMakeTmp/CMAKE_TRY_COMPILE.build/Debug/cmTC_0816a.build/Objects-normal/x86_64/cmTC_0816a.LinkFileList

CompileC CMAKE_TRY_COMPILE.build/Debug/cmTC_0816a.build/Objects-normal/x86_64/CheckFunctionExists.o /usr/local/Cellar/cmake/3.20.3/share/cmake/Modules/CheckFunctionExists.c normal x86_64 c com.apple.compilers.llvm.clang.1_0.compiler
    cd /Users/losik/Downloads/UcodePuzzle/build/CMakeFiles/CMakeTmp
    /Applications/Xcode.app/Contents/Developer/Toolchains/XcodeDefault.xctoolchain/usr/bin/clang -x c -arch x86_64 -fmessage-length=0 -fdiagnostics-show-note-include-stack -fmacro-backtrace-limit=0 -Wno-trigraphs -fpascal-strings -O0 -Wno-missing-field-initializers -Wno-missing-prototypes -Wno-return-type -Wno-missing-braces -Wparentheses -Wswitch -Wno-unused-function -Wno-unused-label -Wno-unused-parameter -Wno-unused-variable -Wunused-value -Wno-empty-body -Wno-uninitialized -Wno-unknown-pragmas -Wno-shadow -Wno-four-char-constants -Wno-conversion -Wno-constant-conversion -Wno-int-conversion -Wno-bool-conversion -Wno-enum-conversion -Wno-float-conversion -Wno-non-literal-null-conversion -Wno-objc-literal-conversion -Wno-shorten-64-to-32 -Wpointer-sign -Wno-newline-eof -DCMAKE_INTDIR=\"Debug\" -isysroot /Applications/Xcode.app/Contents/Developer/Platforms/MacOSX.platform/Developer/SDKs/MacOSX10.14.sdk -fasm-blocks -fstrict-aliasing -Wdeprecated-declarations -mmacosx-version-min=10.14 -g -Wno-sign-conversion -Wno-infinite-recursion -Wno-comma -Wno-block-capture-autoreleasing -Wno-strict-prototypes -Wno-semicolon-before-method-body -I/Users/losik/Downloads/UcodePuzzle/build/CMakeFiles/CMakeTmp/Debug/include -I/Users/losik/Downloads/UcodePuzzle/build/CMakeFiles/CMakeTmp/CMAKE_TRY_COMPILE.build/Debug/cmTC_0816a.build/DerivedSources/x86_64 -I/Users/losik/Downloads/UcodePuzzle/build/CMakeFiles/CMakeTmp/CMAKE_TRY_COMPILE.build/Debug/cmTC_0816a.build/DerivedSources -F/Users/losik/Downloads/UcodePuzzle/build/CMakeFiles/CMakeTmp/Debug -idirafter /Users/losik/Downloads/UcodePuzzle/minikit/external/SDL2/src/video/khronos -DCHECK_FUNCTION_EXISTS=_stricmp -MMD -MT dependencies -MF /Users/losik/Downloads/UcodePuzzle/build/CMakeFiles/CMakeTmp/CMAKE_TRY_COMPILE.build/Debug/cmTC_0816a.build/Objects-normal/x86_64/CheckFunctionExists.d --serialize-diagnostics /Users/losik/Downloads/UcodePuzzle/build/CMakeFiles/CMakeTmp/CMAKE_TRY_COMPILE.build/Debug/cmTC_0816a.build/Objects-normal/x86_64/CheckFunctionExists.dia -c /usr/local/Cellar/cmake/3.20.3/share/cmake/Modules/CheckFunctionExists.c -o /Users/losik/Downloads/UcodePuzzle/build/CMakeFiles/CMakeTmp/CMAKE_TRY_COMPILE.build/Debug/cmTC_0816a.build/Objects-normal/x86_64/CheckFunctionExists.o

Ld Debug/cmTC_0816a normal x86_64
    cd /Users/losik/Downloads/UcodePuzzle/build/CMakeFiles/CMakeTmp
    /Applications/Xcode.app/Contents/Developer/Toolchains/XcodeDefault.xctoolchain/usr/bin/clang -arch x86_64 -isysroot /Applications/Xcode.app/Contents/Developer/Platforms/MacOSX.platform/Developer/SDKs/MacOSX10.14.sdk -L/Users/losik/Downloads/UcodePuzzle/build/CMakeFiles/CMakeTmp/Debug -F/Users/losik/Downloads/UcodePuzzle/build/CMakeFiles/CMakeTmp/Debug -filelist /Users/losik/Downloads/UcodePuzzle/build/CMakeFiles/CMakeTmp/CMAKE_TRY_COMPILE.build/Debug/cmTC_0816a.build/Objects-normal/x86_64/cmTC_0816a.LinkFileList -mmacosx-version-min=10.14 -Xlinker -object_path_lto -Xlinker /Users/losik/Downloads/UcodePuzzle/build/CMakeFiles/CMakeTmp/CMAKE_TRY_COMPILE.build/Debug/cmTC_0816a.build/Objects-normal/x86_64/cmTC_0816a_lto.o -Xlinker -no_deduplicate -Wl,-search_paths_first -Wl,-headerpad_max_install_names -Xlinker -dependency_info -Xlinker /Users/losik/Downloads/UcodePuzzle/build/CMakeFiles/CMakeTmp/CMAKE_TRY_COMPILE.build/Debug/cmTC_0816a.build/Objects-normal/x86_64/cmTC_0816a_dependency_info.dat -o /Users/losik/Downloads/UcodePuzzle/build/CMakeFiles/CMakeTmp/Debug/cmTC_0816a
Undefined symbols for architecture x86_64:
  "__stricmp", referenced from:
      _main in CheckFunctionExists.o
ld: symbol(s) not found for architecture x86_64
clang: error: linker command failed with exit code 1 (use -v to see invocation)

** BUILD FAILED **


The following build commands failed:
	Ld Debug/cmTC_0816a normal x86_64
(1 failure)



Determining if the function _strnicmp exists failed with the following output:
Change Dir: /Users/losik/Downloads/UcodePuzzle/build/CMakeFiles/CMakeTmp

Run Build Command(s):/usr/bin/xcodebuild -project CMAKE_TRY_COMPILE.xcodeproj build -target cmTC_6b8f7 -configuration Debug -hideShellScriptEnvironment && User defaults from command line:
    HideShellScriptEnvironment = YES

Prepare build
note: Using legacy build system

=== BUILD TARGET cmTC_6b8f7 OF PROJECT CMAKE_TRY_COMPILE WITH CONFIGURATION Debug ===

Check dependencies

Write auxiliary files
/bin/mkdir -p /Users/losik/Downloads/UcodePuzzle/build/CMakeFiles/CMakeTmp/CMAKE_TRY_COMPILE.build/Debug/cmTC_6b8f7.build/Objects-normal/x86_64
write-file /Users/losik/Downloads/UcodePuzzle/build/CMakeFiles/CMakeTmp/CMAKE_TRY_COMPILE.build/Debug/cmTC_6b8f7.build/Objects-normal/x86_64/cmTC_6b8f7.LinkFileList

CompileC CMAKE_TRY_COMPILE.build/Debug/cmTC_6b8f7.build/Objects-normal/x86_64/CheckFunctionExists.o /usr/local/Cellar/cmake/3.20.3/share/cmake/Modules/CheckFunctionExists.c normal x86_64 c com.apple.compilers.llvm.clang.1_0.compiler
    cd /Users/losik/Downloads/UcodePuzzle/build/CMakeFiles/CMakeTmp
    /Applications/Xcode.app/Contents/Developer/Toolchains/XcodeDefault.xctoolchain/usr/bin/clang -x c -arch x86_64 -fmessage-length=0 -fdiagnostics-show-note-include-stack -fmacro-backtrace-limit=0 -Wno-trigraphs -fpascal-strings -O0 -Wno-missing-field-initializers -Wno-missing-prototypes -Wno-return-type -Wno-missing-braces -Wparentheses -Wswitch -Wno-unused-function -Wno-unused-label -Wno-unused-parameter -Wno-unused-variable -Wunused-value -Wno-empty-body -Wno-uninitialized -Wno-unknown-pragmas -Wno-shadow -Wno-four-char-constants -Wno-conversion -Wno-constant-conversion -Wno-int-conversion -Wno-bool-conversion -Wno-enum-conversion -Wno-float-conversion -Wno-non-literal-null-conversion -Wno-objc-literal-conversion -Wno-shorten-64-to-32 -Wpointer-sign -Wno-newline-eof -DCMAKE_INTDIR=\"Debug\" -isysroot /Applications/Xcode.app/Contents/Developer/Platforms/MacOSX.platform/Developer/SDKs/MacOSX10.14.sdk -fasm-blocks -fstrict-aliasing -Wdeprecated-declarations -mmacosx-version-min=10.14 -g -Wno-sign-conversion -Wno-infinite-recursion -Wno-comma -Wno-block-capture-autoreleasing -Wno-strict-prototypes -Wno-semicolon-before-method-body -I/Users/losik/Downloads/UcodePuzzle/build/CMakeFiles/CMakeTmp/Debug/include -I/Users/losik/Downloads/UcodePuzzle/build/CMakeFiles/CMakeTmp/CMAKE_TRY_COMPILE.build/Debug/cmTC_6b8f7.build/DerivedSources/x86_64 -I/Users/losik/Downloads/UcodePuzzle/build/CMakeFiles/CMakeTmp/CMAKE_TRY_COMPILE.build/Debug/cmTC_6b8f7.build/DerivedSources -F/Users/losik/Downloads/UcodePuzzle/build/CMakeFiles/CMakeTmp/Debug -idirafter /Users/losik/Downloads/UcodePuzzle/minikit/external/SDL2/src/video/khronos -DCHECK_FUNCTION_EXISTS=_strnicmp -MMD -MT dependencies -MF /Users/losik/Downloads/UcodePuzzle/build/CMakeFiles/CMakeTmp/CMAKE_TRY_COMPILE.build/Debug/cmTC_6b8f7.build/Objects-normal/x86_64/CheckFunctionExists.d --serialize-diagnostics /Users/losik/Downloads/UcodePuzzle/build/CMakeFiles/CMakeTmp/CMAKE_TRY_COMPILE.build/Debug/cmTC_6b8f7.build/Objects-normal/x86_64/CheckFunctionExists.dia -c /usr/local/Cellar/cmake/3.20.3/share/cmake/Modules/CheckFunctionExists.c -o /Users/losik/Downloads/UcodePuzzle/build/CMakeFiles/CMakeTmp/CMAKE_TRY_COMPILE.build/Debug/cmTC_6b8f7.build/Objects-normal/x86_64/CheckFunctionExists.o

Ld Debug/cmTC_6b8f7 normal x86_64
    cd /Users/losik/Downloads/UcodePuzzle/build/CMakeFiles/CMakeTmp
    /Applications/Xcode.app/Contents/Developer/Toolchains/XcodeDefault.xctoolchain/usr/bin/clang -arch x86_64 -isysroot /Applications/Xcode.app/Contents/Developer/Platforms/MacOSX.platform/Developer/SDKs/MacOSX10.14.sdk -L/Users/losik/Downloads/UcodePuzzle/build/CMakeFiles/CMakeTmp/Debug -F/Users/losik/Downloads/UcodePuzzle/build/CMakeFiles/CMakeTmp/Debug -filelist /Users/losik/Downloads/UcodePuzzle/build/CMakeFiles/CMakeTmp/CMAKE_TRY_COMPILE.build/Debug/cmTC_6b8f7.build/Objects-normal/x86_64/cmTC_6b8f7.LinkFileList -mmacosx-version-min=10.14 -Xlinker -object_path_lto -Xlinker /Users/losik/Downloads/UcodePuzzle/build/CMakeFiles/CMakeTmp/CMAKE_TRY_COMPILE.build/Debug/cmTC_6b8f7.build/Objects-normal/x86_64/cmTC_6b8f7_lto.o -Xlinker -no_deduplicate -Wl,-search_paths_first -Wl,-headerpad_max_install_names -Xlinker -dependency_info -Xlinker /Users/losik/Downloads/UcodePuzzle/build/CMakeFiles/CMakeTmp/CMAKE_TRY_COMPILE.build/Debug/cmTC_6b8f7.build/Objects-normal/x86_64/cmTC_6b8f7_dependency_info.dat -o /Users/losik/Downloads/UcodePuzzle/build/CMakeFiles/CMakeTmp/Debug/cmTC_6b8f7
Undefined symbols for architecture x86_64:
  "__strnicmp", referenced from:
      _main in CheckFunctionExists.o
ld: symbol(s) not found for architecture x86_64
clang: error: linker command failed with exit code 1 (use -v to see invocation)

** BUILD FAILED **


The following build commands failed:
	Ld Debug/cmTC_6b8f7 normal x86_64
(1 failure)



Determining if the function fopen64 exists failed with the following output:
Change Dir: /Users/losik/Downloads/UcodePuzzle/build/CMakeFiles/CMakeTmp

Run Build Command(s):/usr/bin/xcodebuild -project CMAKE_TRY_COMPILE.xcodeproj build -target cmTC_3f114 -configuration Debug -hideShellScriptEnvironment && User defaults from command line:
    HideShellScriptEnvironment = YES

Prepare build
note: Using legacy build system

=== BUILD TARGET cmTC_3f114 OF PROJECT CMAKE_TRY_COMPILE WITH CONFIGURATION Debug ===

Check dependencies

Write auxiliary files
/bin/mkdir -p /Users/losik/Downloads/UcodePuzzle/build/CMakeFiles/CMakeTmp/CMAKE_TRY_COMPILE.build/Debug/cmTC_3f114.build/Objects-normal/x86_64
write-file /Users/losik/Downloads/UcodePuzzle/build/CMakeFiles/CMakeTmp/CMAKE_TRY_COMPILE.build/Debug/cmTC_3f114.build/Objects-normal/x86_64/cmTC_3f114.LinkFileList

CompileC CMAKE_TRY_COMPILE.build/Debug/cmTC_3f114.build/Objects-normal/x86_64/CheckFunctionExists.o /usr/local/Cellar/cmake/3.20.3/share/cmake/Modules/CheckFunctionExists.c normal x86_64 c com.apple.compilers.llvm.clang.1_0.compiler
    cd /Users/losik/Downloads/UcodePuzzle/build/CMakeFiles/CMakeTmp
    /Applications/Xcode.app/Contents/Developer/Toolchains/XcodeDefault.xctoolchain/usr/bin/clang -x c -arch x86_64 -fmessage-length=0 -fdiagnostics-show-note-include-stack -fmacro-backtrace-limit=0 -Wno-trigraphs -fpascal-strings -O0 -Wno-missing-field-initializers -Wno-missing-prototypes -Wno-return-type -Wno-missing-braces -Wparentheses -Wswitch -Wno-unused-function -Wno-unused-label -Wno-unused-parameter -Wno-unused-variable -Wunused-value -Wno-empty-body -Wno-uninitialized -Wno-unknown-pragmas -Wno-shadow -Wno-four-char-constants -Wno-conversion -Wno-constant-conversion -Wno-int-conversion -Wno-bool-conversion -Wno-enum-conversion -Wno-float-conversion -Wno-non-literal-null-conversion -Wno-objc-literal-conversion -Wno-shorten-64-to-32 -Wpointer-sign -Wno-newline-eof -DCMAKE_INTDIR=\"Debug\" -isysroot /Applications/Xcode.app/Contents/Developer/Platforms/MacOSX.platform/Developer/SDKs/MacOSX10.14.sdk -fasm-blocks -fstrict-aliasing -Wdeprecated-declarations -mmacosx-version-min=10.14 -g -Wno-sign-conversion -Wno-infinite-recursion -Wno-comma -Wno-block-capture-autoreleasing -Wno-strict-prototypes -Wno-semicolon-before-method-body -I/Users/losik/Downloads/UcodePuzzle/build/CMakeFiles/CMakeTmp/Debug/include -I/Users/losik/Downloads/UcodePuzzle/build/CMakeFiles/CMakeTmp/CMAKE_TRY_COMPILE.build/Debug/cmTC_3f114.build/DerivedSources/x86_64 -I/Users/losik/Downloads/UcodePuzzle/build/CMakeFiles/CMakeTmp/CMAKE_TRY_COMPILE.build/Debug/cmTC_3f114.build/DerivedSources -F/Users/losik/Downloads/UcodePuzzle/build/CMakeFiles/CMakeTmp/Debug -idirafter /Users/losik/Downloads/UcodePuzzle/minikit/external/SDL2/src/video/khronos -DCHECK_FUNCTION_EXISTS=fopen64 -MMD -MT dependencies -MF /Users/losik/Downloads/UcodePuzzle/build/CMakeFiles/CMakeTmp/CMAKE_TRY_COMPILE.build/Debug/cmTC_3f114.build/Objects-normal/x86_64/CheckFunctionExists.d --serialize-diagnostics /Users/losik/Downloads/UcodePuzzle/build/CMakeFiles/CMakeTmp/CMAKE_TRY_COMPILE.build/Debug/cmTC_3f114.build/Objects-normal/x86_64/CheckFunctionExists.dia -c /usr/local/Cellar/cmake/3.20.3/share/cmake/Modules/CheckFunctionExists.c -o /Users/losik/Downloads/UcodePuzzle/build/CMakeFiles/CMakeTmp/CMAKE_TRY_COMPILE.build/Debug/cmTC_3f114.build/Objects-normal/x86_64/CheckFunctionExists.o

Ld Debug/cmTC_3f114 normal x86_64
    cd /Users/losik/Downloads/UcodePuzzle/build/CMakeFiles/CMakeTmp
    /Applications/Xcode.app/Contents/Developer/Toolchains/XcodeDefault.xctoolchain/usr/bin/clang -arch x86_64 -isysroot /Applications/Xcode.app/Contents/Developer/Platforms/MacOSX.platform/Developer/SDKs/MacOSX10.14.sdk -L/Users/losik/Downloads/UcodePuzzle/build/CMakeFiles/CMakeTmp/Debug -F/Users/losik/Downloads/UcodePuzzle/build/CMakeFiles/CMakeTmp/Debug -filelist /Users/losik/Downloads/UcodePuzzle/build/CMakeFiles/CMakeTmp/CMAKE_TRY_COMPILE.build/Debug/cmTC_3f114.build/Objects-normal/x86_64/cmTC_3f114.LinkFileList -mmacosx-version-min=10.14 -Xlinker -object_path_lto -Xlinker /Users/losik/Downloads/UcodePuzzle/build/CMakeFiles/CMakeTmp/CMAKE_TRY_COMPILE.build/Debug/cmTC_3f114.build/Objects-normal/x86_64/cmTC_3f114_lto.o -Xlinker -no_deduplicate -Wl,-search_paths_first -Wl,-headerpad_max_install_names -Xlinker -dependency_info -Xlinker /Users/losik/Downloads/UcodePuzzle/build/CMakeFiles/CMakeTmp/CMAKE_TRY_COMPILE.build/Debug/cmTC_3f114.build/Objects-normal/x86_64/cmTC_3f114_dependency_info.dat -o /Users/losik/Downloads/UcodePuzzle/build/CMakeFiles/CMakeTmp/Debug/cmTC_3f114
Undefined symbols for architecture x86_64:
  "_fopen64", referenced from:
      _main in CheckFunctionExists.o
ld: symbol(s) not found for architecture x86_64
clang: error: linker command failed with exit code 1 (use -v to see invocation)

** BUILD FAILED **


The following build commands failed:
	Ld Debug/cmTC_3f114 normal x86_64
(1 failure)



Determining if the function fseeko64 exists failed with the following output:
Change Dir: /Users/losik/Downloads/UcodePuzzle/build/CMakeFiles/CMakeTmp

Run Build Command(s):/usr/bin/xcodebuild -project CMAKE_TRY_COMPILE.xcodeproj build -target cmTC_453f9 -configuration Debug -hideShellScriptEnvironment && User defaults from command line:
    HideShellScriptEnvironment = YES

Prepare build
note: Using legacy build system

=== BUILD TARGET cmTC_453f9 OF PROJECT CMAKE_TRY_COMPILE WITH CONFIGURATION Debug ===

Check dependencies

Write auxiliary files
/bin/mkdir -p /Users/losik/Downloads/UcodePuzzle/build/CMakeFiles/CMakeTmp/CMAKE_TRY_COMPILE.build/Debug/cmTC_453f9.build/Objects-normal/x86_64
write-file /Users/losik/Downloads/UcodePuzzle/build/CMakeFiles/CMakeTmp/CMAKE_TRY_COMPILE.build/Debug/cmTC_453f9.build/Objects-normal/x86_64/cmTC_453f9.LinkFileList

CompileC CMAKE_TRY_COMPILE.build/Debug/cmTC_453f9.build/Objects-normal/x86_64/CheckFunctionExists.o /usr/local/Cellar/cmake/3.20.3/share/cmake/Modules/CheckFunctionExists.c normal x86_64 c com.apple.compilers.llvm.clang.1_0.compiler
    cd /Users/losik/Downloads/UcodePuzzle/build/CMakeFiles/CMakeTmp
    /Applications/Xcode.app/Contents/Developer/Toolchains/XcodeDefault.xctoolchain/usr/bin/clang -x c -arch x86_64 -fmessage-length=0 -fdiagnostics-show-note-include-stack -fmacro-backtrace-limit=0 -Wno-trigraphs -fpascal-strings -O0 -Wno-missing-field-initializers -Wno-missing-prototypes -Wno-return-type -Wno-missing-braces -Wparentheses -Wswitch -Wno-unused-function -Wno-unused-label -Wno-unused-parameter -Wno-unused-variable -Wunused-value -Wno-empty-body -Wno-uninitialized -Wno-unknown-pragmas -Wno-shadow -Wno-four-char-constants -Wno-conversion -Wno-constant-conversion -Wno-int-conversion -Wno-bool-conversion -Wno-enum-conversion -Wno-float-conversion -Wno-non-literal-null-conversion -Wno-objc-literal-conversion -Wno-shorten-64-to-32 -Wpointer-sign -Wno-newline-eof -DCMAKE_INTDIR=\"Debug\" -isysroot /Applications/Xcode.app/Contents/Developer/Platforms/MacOSX.platform/Developer/SDKs/MacOSX10.14.sdk -fasm-blocks -fstrict-aliasing -Wdeprecated-declarations -mmacosx-version-min=10.14 -g -Wno-sign-conversion -Wno-infinite-recursion -Wno-comma -Wno-block-capture-autoreleasing -Wno-strict-prototypes -Wno-semicolon-before-method-body -I/Users/losik/Downloads/UcodePuzzle/build/CMakeFiles/CMakeTmp/Debug/include -I/Users/losik/Downloads/UcodePuzzle/build/CMakeFiles/CMakeTmp/CMAKE_TRY_COMPILE.build/Debug/cmTC_453f9.build/DerivedSources/x86_64 -I/Users/losik/Downloads/UcodePuzzle/build/CMakeFiles/CMakeTmp/CMAKE_TRY_COMPILE.build/Debug/cmTC_453f9.build/DerivedSources -F/Users/losik/Downloads/UcodePuzzle/build/CMakeFiles/CMakeTmp/Debug -idirafter /Users/losik/Downloads/UcodePuzzle/minikit/external/SDL2/src/video/khronos -DCHECK_FUNCTION_EXISTS=fseeko64 -MMD -MT dependencies -MF /Users/losik/Downloads/UcodePuzzle/build/CMakeFiles/CMakeTmp/CMAKE_TRY_COMPILE.build/Debug/cmTC_453f9.build/Objects-normal/x86_64/CheckFunctionExists.d --serialize-diagnostics /Users/losik/Downloads/UcodePuzzle/build/CMakeFiles/CMakeTmp/CMAKE_TRY_COMPILE.build/Debug/cmTC_453f9.build/Objects-normal/x86_64/CheckFunctionExists.dia -c /usr/local/Cellar/cmake/3.20.3/share/cmake/Modules/CheckFunctionExists.c -o /Users/losik/Downloads/UcodePuzzle/build/CMakeFiles/CMakeTmp/CMAKE_TRY_COMPILE.build/Debug/cmTC_453f9.build/Objects-normal/x86_64/CheckFunctionExists.o

Ld Debug/cmTC_453f9 normal x86_64
    cd /Users/losik/Downloads/UcodePuzzle/build/CMakeFiles/CMakeTmp
    /Applications/Xcode.app/Contents/Developer/Toolchains/XcodeDefault.xctoolchain/usr/bin/clang -arch x86_64 -isysroot /Applications/Xcode.app/Contents/Developer/Platforms/MacOSX.platform/Developer/SDKs/MacOSX10.14.sdk -L/Users/losik/Downloads/UcodePuzzle/build/CMakeFiles/CMakeTmp/Debug -F/Users/losik/Downloads/UcodePuzzle/build/CMakeFiles/CMakeTmp/Debug -filelist /Users/losik/Downloads/UcodePuzzle/build/CMakeFiles/CMakeTmp/CMAKE_TRY_COMPILE.build/Debug/cmTC_453f9.build/Objects-normal/x86_64/cmTC_453f9.LinkFileList -mmacosx-version-min=10.14 -Xlinker -object_path_lto -Xlinker /Users/losik/Downloads/UcodePuzzle/build/CMakeFiles/CMakeTmp/CMAKE_TRY_COMPILE.build/Debug/cmTC_453f9.build/Objects-normal/x86_64/cmTC_453f9_lto.o -Xlinker -no_deduplicate -Wl,-search_paths_first -Wl,-headerpad_max_install_names -Xlinker -dependency_info -Xlinker /Users/losik/Downloads/UcodePuzzle/build/CMakeFiles/CMakeTmp/CMAKE_TRY_COMPILE.build/Debug/cmTC_453f9.build/Objects-normal/x86_64/cmTC_453f9_dependency_info.dat -o /Users/losik/Downloads/UcodePuzzle/build/CMakeFiles/CMakeTmp/Debug/cmTC_453f9
Undefined symbols for architecture x86_64:
  "_fseeko64", referenced from:
      _main in CheckFunctionExists.o
ld: symbol(s) not found for architecture x86_64
clang: error: linker command failed with exit code 1 (use -v to see invocation)

** BUILD FAILED **


The following build commands failed:
	Ld Debug/cmTC_453f9 normal x86_64
(1 failure)



Determining if the function getauxval exists failed with the following output:
Change Dir: /Users/losik/Downloads/UcodePuzzle/build/CMakeFiles/CMakeTmp

Run Build Command(s):/usr/bin/xcodebuild -project CMAKE_TRY_COMPILE.xcodeproj build -target cmTC_1025a -configuration Debug -hideShellScriptEnvironment && User defaults from command line:
    HideShellScriptEnvironment = YES

Prepare build
note: Using legacy build system

=== BUILD TARGET cmTC_1025a OF PROJECT CMAKE_TRY_COMPILE WITH CONFIGURATION Debug ===

Check dependencies

Write auxiliary files
/bin/mkdir -p /Users/losik/Downloads/UcodePuzzle/build/CMakeFiles/CMakeTmp/CMAKE_TRY_COMPILE.build/Debug/cmTC_1025a.build/Objects-normal/x86_64
write-file /Users/losik/Downloads/UcodePuzzle/build/CMakeFiles/CMakeTmp/CMAKE_TRY_COMPILE.build/Debug/cmTC_1025a.build/Objects-normal/x86_64/cmTC_1025a.LinkFileList

CompileC CMAKE_TRY_COMPILE.build/Debug/cmTC_1025a.build/Objects-normal/x86_64/CheckFunctionExists.o /usr/local/Cellar/cmake/3.20.3/share/cmake/Modules/CheckFunctionExists.c normal x86_64 c com.apple.compilers.llvm.clang.1_0.compiler
    cd /Users/losik/Downloads/UcodePuzzle/build/CMakeFiles/CMakeTmp
    /Applications/Xcode.app/Contents/Developer/Toolchains/XcodeDefault.xctoolchain/usr/bin/clang -x c -arch x86_64 -fmessage-length=0 -fdiagnostics-show-note-include-stack -fmacro-backtrace-limit=0 -Wno-trigraphs -fpascal-strings -O0 -Wno-missing-field-initializers -Wno-missing-prototypes -Wno-return-type -Wno-missing-braces -Wparentheses -Wswitch -Wno-unused-function -Wno-unused-label -Wno-unused-parameter -Wno-unused-variable -Wunused-value -Wno-empty-body -Wno-uninitialized -Wno-unknown-pragmas -Wno-shadow -Wno-four-char-constants -Wno-conversion -Wno-constant-conversion -Wno-int-conversion -Wno-bool-conversion -Wno-enum-conversion -Wno-float-conversion -Wno-non-literal-null-conversion -Wno-objc-literal-conversion -Wno-shorten-64-to-32 -Wpointer-sign -Wno-newline-eof -DCMAKE_INTDIR=\"Debug\" -isysroot /Applications/Xcode.app/Contents/Developer/Platforms/MacOSX.platform/Developer/SDKs/MacOSX10.14.sdk -fasm-blocks -fstrict-aliasing -Wdeprecated-declarations -mmacosx-version-min=10.14 -g -Wno-sign-conversion -Wno-infinite-recursion -Wno-comma -Wno-block-capture-autoreleasing -Wno-strict-prototypes -Wno-semicolon-before-method-body -I/Users/losik/Downloads/UcodePuzzle/build/CMakeFiles/CMakeTmp/Debug/include -I/Users/losik/Downloads/UcodePuzzle/build/CMakeFiles/CMakeTmp/CMAKE_TRY_COMPILE.build/Debug/cmTC_1025a.build/DerivedSources/x86_64 -I/Users/losik/Downloads/UcodePuzzle/build/CMakeFiles/CMakeTmp/CMAKE_TRY_COMPILE.build/Debug/cmTC_1025a.build/DerivedSources -F/Users/losik/Downloads/UcodePuzzle/build/CMakeFiles/CMakeTmp/Debug -idirafter /Users/losik/Downloads/UcodePuzzle/minikit/external/SDL2/src/video/khronos -DCHECK_FUNCTION_EXISTS=getauxval -MMD -MT dependencies -MF /Users/losik/Downloads/UcodePuzzle/build/CMakeFiles/CMakeTmp/CMAKE_TRY_COMPILE.build/Debug/cmTC_1025a.build/Objects-normal/x86_64/CheckFunctionExists.d --serialize-diagnostics /Users/losik/Downloads/UcodePuzzle/build/CMakeFiles/CMakeTmp/CMAKE_TRY_COMPILE.build/Debug/cmTC_1025a.build/Objects-normal/x86_64/CheckFunctionExists.dia -c /usr/local/Cellar/cmake/3.20.3/share/cmake/Modules/CheckFunctionExists.c -o /Users/losik/Downloads/UcodePuzzle/build/CMakeFiles/CMakeTmp/CMAKE_TRY_COMPILE.build/Debug/cmTC_1025a.build/Objects-normal/x86_64/CheckFunctionExists.o

Ld Debug/cmTC_1025a normal x86_64
    cd /Users/losik/Downloads/UcodePuzzle/build/CMakeFiles/CMakeTmp
    /Applications/Xcode.app/Contents/Developer/Toolchains/XcodeDefault.xctoolchain/usr/bin/clang -arch x86_64 -isysroot /Applications/Xcode.app/Contents/Developer/Platforms/MacOSX.platform/Developer/SDKs/MacOSX10.14.sdk -L/Users/losik/Downloads/UcodePuzzle/build/CMakeFiles/CMakeTmp/Debug -F/Users/losik/Downloads/UcodePuzzle/build/CMakeFiles/CMakeTmp/Debug -filelist /Users/losik/Downloads/UcodePuzzle/build/CMakeFiles/CMakeTmp/CMAKE_TRY_COMPILE.build/Debug/cmTC_1025a.build/Objects-normal/x86_64/cmTC_1025a.LinkFileList -mmacosx-version-min=10.14 -Xlinker -object_path_lto -Xlinker /Users/losik/Downloads/UcodePuzzle/build/CMakeFiles/CMakeTmp/CMAKE_TRY_COMPILE.build/Debug/cmTC_1025a.build/Objects-normal/x86_64/cmTC_1025a_lto.o -Xlinker -no_deduplicate -Wl,-search_paths_first -Wl,-headerpad_max_install_names -Xlinker -dependency_info -Xlinker /Users/losik/Downloads/UcodePuzzle/build/CMakeFiles/CMakeTmp/CMAKE_TRY_COMPILE.build/Debug/cmTC_1025a.build/Objects-normal/x86_64/cmTC_1025a_dependency_info.dat -o /Users/losik/Downloads/UcodePuzzle/build/CMakeFiles/CMakeTmp/Debug/cmTC_1025a
Undefined symbols for architecture x86_64:
  "_getauxval", referenced from:
      _main in CheckFunctionExists.o
ld: symbol(s) not found for architecture x86_64
clang: error: linker command failed with exit code 1 (use -v to see invocation)

** BUILD FAILED **


The following build commands failed:
	Ld Debug/cmTC_1025a normal x86_64
(1 failure)



Performing C SOURCE FILE Test HAVE_SEM_TIMEDWAIT failed with the following output:
Change Dir: /Users/losik/Downloads/UcodePuzzle/build/CMakeFiles/CMakeTmp

Run Build Command(s):/usr/bin/xcodebuild -project CMAKE_TRY_COMPILE.xcodeproj build -target cmTC_933cb -configuration Debug -hideShellScriptEnvironment && User defaults from command line:
    HideShellScriptEnvironment = YES

Prepare build
note: Using legacy build system

=== BUILD TARGET cmTC_933cb OF PROJECT CMAKE_TRY_COMPILE WITH CONFIGURATION Debug ===

Check dependencies

Write auxiliary files
/bin/mkdir -p /Users/losik/Downloads/UcodePuzzle/build/CMakeFiles/CMakeTmp/CMAKE_TRY_COMPILE.build/Debug/cmTC_933cb.build/Objects-normal/x86_64
write-file /Users/losik/Downloads/UcodePuzzle/build/CMakeFiles/CMakeTmp/CMAKE_TRY_COMPILE.build/Debug/cmTC_933cb.build/Objects-normal/x86_64/cmTC_933cb.LinkFileList

CompileC CMAKE_TRY_COMPILE.build/Debug/cmTC_933cb.build/Objects-normal/x86_64/src.o src.c normal x86_64 c com.apple.compilers.llvm.clang.1_0.compiler
    cd /Users/losik/Downloads/UcodePuzzle/build/CMakeFiles/CMakeTmp
    /Applications/Xcode.app/Contents/Developer/Toolchains/XcodeDefault.xctoolchain/usr/bin/clang -x c -arch x86_64 -fmessage-length=0 -fdiagnostics-show-note-include-stack -fmacro-backtrace-limit=0 -Wno-trigraphs -fpascal-strings -O0 -Wno-missing-field-initializers -Wno-missing-prototypes -Wno-return-type -Wno-missing-braces -Wparentheses -Wswitch -Wno-unused-function -Wno-unused-label -Wno-unused-parameter -Wno-unused-variable -Wunused-value -Wno-empty-body -Wno-uninitialized -Wno-unknown-pragmas -Wno-shadow -Wno-four-char-constants -Wno-conversion -Wno-constant-conversion -Wno-int-conversion -Wno-bool-conversion -Wno-enum-conversion -Wno-float-conversion -Wno-non-literal-null-conversion -Wno-objc-literal-conversion -Wno-shorten-64-to-32 -Wpointer-sign -Wno-newline-eof -DCMAKE_INTDIR=\"Debug\" -DHAVE_SEM_TIMEDWAIT -isysroot /Applications/Xcode.app/Contents/Developer/Platforms/MacOSX.platform/Developer/SDKs/MacOSX10.14.sdk -fasm-blocks -fstrict-aliasing -Wdeprecated-declarations -mmacosx-version-min=10.14 -g -Wno-sign-conversion -Wno-infinite-recursion -Wno-comma -Wno-block-capture-autoreleasing -Wno-strict-prototypes -Wno-semicolon-before-method-body -I/Users/losik/Downloads/UcodePuzzle/build/CMakeFiles/CMakeTmp/Debug/include -I/Users/losik/Downloads/UcodePuzzle/build/CMakeFiles/CMakeTmp/CMAKE_TRY_COMPILE.build/Debug/cmTC_933cb.build/DerivedSources/x86_64 -I/Users/losik/Downloads/UcodePuzzle/build/CMakeFiles/CMakeTmp/CMAKE_TRY_COMPILE.build/Debug/cmTC_933cb.build/DerivedSources -F/Users/losik/Downloads/UcodePuzzle/build/CMakeFiles/CMakeTmp/Debug -idirafter /Users/losik/Downloads/UcodePuzzle/minikit/external/SDL2/src/video/khronos -D_THREAD_SAFE -MMD -MT dependencies -MF /Users/losik/Downloads/UcodePuzzle/build/CMakeFiles/CMakeTmp/CMAKE_TRY_COMPILE.build/Debug/cmTC_933cb.build/Objects-normal/x86_64/src.d --serialize-diagnostics /Users/losik/Downloads/UcodePuzzle/build/CMakeFiles/CMakeTmp/CMAKE_TRY_COMPILE.build/Debug/cmTC_933cb.build/Objects-normal/x86_64/src.dia -c /Users/losik/Downloads/UcodePuzzle/build/CMakeFiles/CMakeTmp/src.c -o /Users/losik/Downloads/UcodePuzzle/build/CMakeFiles/CMakeTmp/CMAKE_TRY_COMPILE.build/Debug/cmTC_933cb.build/Objects-normal/x86_64/src.o
/Users/losik/Downloads/UcodePuzzle/build/CMakeFiles/CMakeTmp/src.c:5:19: warning: implicit declaration of function 'sem_timedwait' is invalid in C99 [-Wimplicit-function-declaration]
                  sem_timedwait(NULL, NULL);
                  ^
1 warning generated.

Ld Debug/cmTC_933cb normal x86_64
    cd /Users/losik/Downloads/UcodePuzzle/build/CMakeFiles/CMakeTmp
    /Applications/Xcode.app/Contents/Developer/Toolchains/XcodeDefault.xctoolchain/usr/bin/clang -arch x86_64 -isysroot /Applications/Xcode.app/Contents/Developer/Platforms/MacOSX.platform/Developer/SDKs/MacOSX10.14.sdk -L/Users/losik/Downloads/UcodePuzzle/build/CMakeFiles/CMakeTmp/Debug -F/Users/losik/Downloads/UcodePuzzle/build/CMakeFiles/CMakeTmp/Debug -filelist /Users/losik/Downloads/UcodePuzzle/build/CMakeFiles/CMakeTmp/CMAKE_TRY_COMPILE.build/Debug/cmTC_933cb.build/Objects-normal/x86_64/cmTC_933cb.LinkFileList -mmacosx-version-min=10.14 -Xlinker -object_path_lto -Xlinker /Users/losik/Downloads/UcodePuzzle/build/CMakeFiles/CMakeTmp/CMAKE_TRY_COMPILE.build/Debug/cmTC_933cb.build/Objects-normal/x86_64/cmTC_933cb_lto.o -Xlinker -no_deduplicate -Wl,-search_paths_first -Wl,-headerpad_max_install_names -Xlinker -dependency_info -Xlinker /Users/losik/Downloads/UcodePuzzle/build/CMakeFiles/CMakeTmp/CMAKE_TRY_COMPILE.build/Debug/cmTC_933cb.build/Objects-normal/x86_64/cmTC_933cb_dependency_info.dat -o /Users/losik/Downloads/UcodePuzzle/build/CMakeFiles/CMakeTmp/Debug/cmTC_933cb
Undefined symbols for architecture x86_64:
  "_sem_timedwait", referenced from:
      _main in src.o
ld: symbol(s) not found for architecture x86_64
clang: error: linker command failed with exit code 1 (use -v to see invocation)

** BUILD FAILED **


The following build commands failed:
	Ld Debug/cmTC_933cb normal x86_64
(1 failure)


Source file was:

              #include <pthread.h>
              #include <semaphore.h>
              int main(int argc, char **argv) {
                  sem_timedwait(NULL, NULL);
                  return 0;
              }
Performing C SOURCE FILE Test HAVE_PTHREAD_NP_H failed with the following output:
Change Dir: /Users/losik/Downloads/UcodePuzzle/build/CMakeFiles/CMakeTmp

Run Build Command(s):/usr/bin/xcodebuild -project CMAKE_TRY_COMPILE.xcodeproj build -target cmTC_fc304 -configuration Debug -hideShellScriptEnvironment && User defaults from command line:
    HideShellScriptEnvironment = YES

Prepare build
note: Using legacy build system

=== BUILD TARGET cmTC_fc304 OF PROJECT CMAKE_TRY_COMPILE WITH CONFIGURATION Debug ===

Check dependencies

Write auxiliary files
/bin/mkdir -p /Users/losik/Downloads/UcodePuzzle/build/CMakeFiles/CMakeTmp/CMAKE_TRY_COMPILE.build/Debug/cmTC_fc304.build/Objects-normal/x86_64
write-file /Users/losik/Downloads/UcodePuzzle/build/CMakeFiles/CMakeTmp/CMAKE_TRY_COMPILE.build/Debug/cmTC_fc304.build/Objects-normal/x86_64/cmTC_fc304.LinkFileList

CompileC CMAKE_TRY_COMPILE.build/Debug/cmTC_fc304.build/Objects-normal/x86_64/src.o src.c normal x86_64 c com.apple.compilers.llvm.clang.1_0.compiler
    cd /Users/losik/Downloads/UcodePuzzle/build/CMakeFiles/CMakeTmp
    /Applications/Xcode.app/Contents/Developer/Toolchains/XcodeDefault.xctoolchain/usr/bin/clang -x c -arch x86_64 -fmessage-length=0 -fdiagnostics-show-note-include-stack -fmacro-backtrace-limit=0 -Wno-trigraphs -fpascal-strings -O0 -Wno-missing-field-initializers -Wno-missing-prototypes -Wno-return-type -Wno-missing-braces -Wparentheses -Wswitch -Wno-unused-function -Wno-unused-label -Wno-unused-parameter -Wno-unused-variable -Wunused-value -Wno-empty-body -Wno-uninitialized -Wno-unknown-pragmas -Wno-shadow -Wno-four-char-constants -Wno-conversion -Wno-constant-conversion -Wno-int-conversion -Wno-bool-conversion -Wno-enum-conversion -Wno-float-conversion -Wno-non-literal-null-conversion -Wno-objc-literal-conversion -Wno-shorten-64-to-32 -Wpointer-sign -Wno-newline-eof -DCMAKE_INTDIR=\"Debug\" -DHAVE_PTHREAD_NP_H -isysroot /Applications/Xcode.app/Contents/Developer/Platforms/MacOSX.platform/Developer/SDKs/MacOSX10.14.sdk -fasm-blocks -fstrict-aliasing -Wdeprecated-declarations -mmacosx-version-min=10.14 -g -Wno-sign-conversion -Wno-infinite-recursion -Wno-comma -Wno-block-capture-autoreleasing -Wno-strict-prototypes -Wno-semicolon-before-method-body -I/Users/losik/Downloads/UcodePuzzle/build/CMakeFiles/CMakeTmp/Debug/include -I/Users/losik/Downloads/UcodePuzzle/build/CMakeFiles/CMakeTmp/CMAKE_TRY_COMPILE.build/Debug/cmTC_fc304.build/DerivedSources/x86_64 -I/Users/losik/Downloads/UcodePuzzle/build/CMakeFiles/CMakeTmp/CMAKE_TRY_COMPILE.build/Debug/cmTC_fc304.build/DerivedSources -F/Users/losik/Downloads/UcodePuzzle/build/CMakeFiles/CMakeTmp/Debug -idirafter /Users/losik/Downloads/UcodePuzzle/minikit/external/SDL2/src/video/khronos -D_THREAD_SAFE -MMD -MT dependencies -MF /Users/losik/Downloads/UcodePuzzle/build/CMakeFiles/CMakeTmp/CMAKE_TRY_COMPILE.build/Debug/cmTC_fc304.build/Objects-normal/x86_64/src.d --serialize-diagnostics /Users/losik/Downloads/UcodePuzzle/build/CMakeFiles/CMakeTmp/CMAKE_TRY_COMPILE.build/Debug/cmTC_fc304.build/Objects-normal/x86_64/src.dia -c /Users/losik/Downloads/UcodePuzzle/build/CMakeFiles/CMakeTmp/src.c -o /Users/losik/Downloads/UcodePuzzle/build/CMakeFiles/CMakeTmp/CMAKE_TRY_COMPILE.build/Debug/cmTC_fc304.build/Objects-normal/x86_64/src.o
/Users/losik/Downloads/UcodePuzzle/build/CMakeFiles/CMakeTmp/src.c:3:20: fatal error: 'pthread_np.h' file not found
          #include <pthread_np.h>
                   ^~~~~~~~~~~~~~
1 error generated.

** BUILD FAILED **


The following build commands failed:
	CompileC CMAKE_TRY_COMPILE.build/Debug/cmTC_fc304.build/Objects-normal/x86_64/src.o src.c normal x86_64 c com.apple.compilers.llvm.clang.1_0.compiler
(1 failure)


Source file was:

          #include <pthread.h>
          #include <pthread_np.h>
          int main(int argc, char** argv) { return 0; }
Determining if the function pthread_set_name_np exists failed with the following output:
Change Dir: /Users/losik/Downloads/UcodePuzzle/build/CMakeFiles/CMakeTmp

Run Build Command(s):/usr/bin/xcodebuild -project CMAKE_TRY_COMPILE.xcodeproj build -target cmTC_b6612 -configuration Debug -hideShellScriptEnvironment && User defaults from command line:
    HideShellScriptEnvironment = YES

Prepare build
note: Using legacy build system

=== BUILD TARGET cmTC_b6612 OF PROJECT CMAKE_TRY_COMPILE WITH CONFIGURATION Debug ===

Check dependencies

Write auxiliary files
/bin/mkdir -p /Users/losik/Downloads/UcodePuzzle/build/CMakeFiles/CMakeTmp/CMAKE_TRY_COMPILE.build/Debug/cmTC_b6612.build/Objects-normal/x86_64
write-file /Users/losik/Downloads/UcodePuzzle/build/CMakeFiles/CMakeTmp/CMAKE_TRY_COMPILE.build/Debug/cmTC_b6612.build/Objects-normal/x86_64/cmTC_b6612.LinkFileList

CompileC CMAKE_TRY_COMPILE.build/Debug/cmTC_b6612.build/Objects-normal/x86_64/CheckFunctionExists.o /usr/local/Cellar/cmake/3.20.3/share/cmake/Modules/CheckFunctionExists.c normal x86_64 c com.apple.compilers.llvm.clang.1_0.compiler
    cd /Users/losik/Downloads/UcodePuzzle/build/CMakeFiles/CMakeTmp
    /Applications/Xcode.app/Contents/Developer/Toolchains/XcodeDefault.xctoolchain/usr/bin/clang -x c -arch x86_64 -fmessage-length=0 -fdiagnostics-show-note-include-stack -fmacro-backtrace-limit=0 -Wno-trigraphs -fpascal-strings -O0 -Wno-missing-field-initializers -Wno-missing-prototypes -Wno-return-type -Wno-missing-braces -Wparentheses -Wswitch -Wno-unused-function -Wno-unused-label -Wno-unused-parameter -Wno-unused-variable -Wunused-value -Wno-empty-body -Wno-uninitialized -Wno-unknown-pragmas -Wno-shadow -Wno-four-char-constants -Wno-conversion -Wno-constant-conversion -Wno-int-conversion -Wno-bool-conversion -Wno-enum-conversion -Wno-float-conversion -Wno-non-literal-null-conversion -Wno-objc-literal-conversion -Wno-shorten-64-to-32 -Wpointer-sign -Wno-newline-eof -DCMAKE_INTDIR=\"Debug\" -isysroot /Applications/Xcode.app/Contents/Developer/Platforms/MacOSX.platform/Developer/SDKs/MacOSX10.14.sdk -fasm-blocks -fstrict-aliasing -Wdeprecated-declarations -mmacosx-version-min=10.14 -g -Wno-sign-conversion -Wno-infinite-recursion -Wno-comma -Wno-block-capture-autoreleasing -Wno-strict-prototypes -Wno-semicolon-before-method-body -I/Users/losik/Downloads/UcodePuzzle/build/CMakeFiles/CMakeTmp/Debug/include -I/Users/losik/Downloads/UcodePuzzle/build/CMakeFiles/CMakeTmp/CMAKE_TRY_COMPILE.build/Debug/cmTC_b6612.build/DerivedSources/x86_64 -I/Users/losik/Downloads/UcodePuzzle/build/CMakeFiles/CMakeTmp/CMAKE_TRY_COMPILE.build/Debug/cmTC_b6612.build/DerivedSources -F/Users/losik/Downloads/UcodePuzzle/build/CMakeFiles/CMakeTmp/Debug -idirafter /Users/losik/Downloads/UcodePuzzle/minikit/external/SDL2/src/video/khronos -DCHECK_FUNCTION_EXISTS=pthread_set_name_np -D_THREAD_SAFE -MMD -MT dependencies -MF /Users/losik/Downloads/UcodePuzzle/build/CMakeFiles/CMakeTmp/CMAKE_TRY_COMPILE.build/Debug/cmTC_b6612.build/Objects-normal/x86_64/CheckFunctionExists.d --serialize-diagnostics /Users/losik/Downloads/UcodePuzzle/build/CMakeFiles/CMakeTmp/CMAKE_TRY_COMPILE.build/Debug/cmTC_b6612.build/Objects-normal/x86_64/CheckFunctionExists.dia -c /usr/local/Cellar/cmake/3.20.3/share/cmake/Modules/CheckFunctionExists.c -o /Users/losik/Downloads/UcodePuzzle/build/CMakeFiles/CMakeTmp/CMAKE_TRY_COMPILE.build/Debug/cmTC_b6612.build/Objects-normal/x86_64/CheckFunctionExists.o

Ld Debug/cmTC_b6612 normal x86_64
    cd /Users/losik/Downloads/UcodePuzzle/build/CMakeFiles/CMakeTmp
    /Applications/Xcode.app/Contents/Developer/Toolchains/XcodeDefault.xctoolchain/usr/bin/clang -arch x86_64 -isysroot /Applications/Xcode.app/Contents/Developer/Platforms/MacOSX.platform/Developer/SDKs/MacOSX10.14.sdk -L/Users/losik/Downloads/UcodePuzzle/build/CMakeFiles/CMakeTmp/Debug -F/Users/losik/Downloads/UcodePuzzle/build/CMakeFiles/CMakeTmp/Debug -filelist /Users/losik/Downloads/UcodePuzzle/build/CMakeFiles/CMakeTmp/CMAKE_TRY_COMPILE.build/Debug/cmTC_b6612.build/Objects-normal/x86_64/cmTC_b6612.LinkFileList -mmacosx-version-min=10.14 -Xlinker -object_path_lto -Xlinker /Users/losik/Downloads/UcodePuzzle/build/CMakeFiles/CMakeTmp/CMAKE_TRY_COMPILE.build/Debug/cmTC_b6612.build/Objects-normal/x86_64/cmTC_b6612_lto.o -Xlinker -no_deduplicate -Wl,-search_paths_first -Wl,-headerpad_max_install_names -Xlinker -dependency_info -Xlinker /Users/losik/Downloads/UcodePuzzle/build/CMakeFiles/CMakeTmp/CMAKE_TRY_COMPILE.build/Debug/cmTC_b6612.build/Objects-normal/x86_64/cmTC_b6612_dependency_info.dat -o /Users/losik/Downloads/UcodePuzzle/build/CMakeFiles/CMakeTmp/Debug/cmTC_b6612
Undefined symbols for architecture x86_64:
  "_pthread_set_name_np", referenced from:
      _main in CheckFunctionExists.o
ld: symbol(s) not found for architecture x86_64
clang: error: linker command failed with exit code 1 (use -v to see invocation)

** BUILD FAILED **


The following build commands failed:
	Ld Debug/cmTC_b6612 normal x86_64
(1 failure)



